2025-04-21 17:27:11,845 [INFO] Activator:176 - 


2025-04-21 17:27:11,851 [INFO] Activator:177 - !SESSION log4j initialized
2025-04-21 17:27:13,081 [INFO] LogOutputStream:77 - [STDOUT_REDIRECT] 
2025-04-21 17:27:14,023 [ERROR] LogOutputStream:75 - [STDERR_REDIRECT] 
2025-04-21 17:27:16,271 [INFO] LogOutputStream:77 - [STDOUT_REDIRECT] 
2025-04-21 17:27:18,683 [INFO] ApplicationProperties:184 - Using Application install path: /Applications/STM32CubeIDE.app/Contents/Eclipse/plugins/com.st.stm32cube.common.mx_6.14.1.202504091515
2025-04-21 17:27:18,701 [INFO] DbMcusXml:78 - Set database path to: /Applications/STM32CubeIDE.app/Contents/Eclipse/plugins/com.st.stm32cube.common.mx_6.14.1.202504091515//db//mcu/
2025-04-21 17:27:18,701 [INFO] ApiDb:274 - Set plugin database path to: /Applications/STM32CubeIDE.app/Contents/Eclipse/plugins/com.st.stm32cube.common.mx_6.14.1.202504091515//db//plugins/boardmanager/
2025-04-21 17:27:18,702 [WARN] ApiDb:259 - Overriding images path with different value:  => /Applications/STM32CubeIDE.app/Contents/Eclipse/plugins/com.st.stm32cube.common.mx_6.14.1.202504091515//db//plugins/mcufinder/images/
2025-04-21 17:27:18,707 [INFO] ApiDb:250 - Set database path to: /Users/himethaluthwala/.stmcufinder/plugins/mcufinder//mcu/
2025-04-21 17:27:18,709 [INFO] DbMcusAds:125 - Set database path to: /Users/himethaluthwala/.stmcufinder/plugins/mcufinder//mcu/
2025-04-21 17:27:18,711 [INFO] CrossReferenceDbSqlite:203 - Set database path to: /Users/himethaluthwala/.stmcufinder/plugins/mcufinder//mcu/cs/
2025-04-21 17:27:18,824 [INFO] RulesReader:64 - Compatibility file has been processed (302 Rules)
2025-04-21 17:27:18,918 [INFO] DbMcusXml:78 - Set database path to: /Applications/STM32CubeIDE.app/Contents/Eclipse/plugins/com.st.stm32cube.common.mx_6.14.1.202504091515//db//mcu/
2025-04-21 17:27:18,918 [INFO] ApiDb:274 - Set plugin database path to: /Applications/STM32CubeIDE.app/Contents/Eclipse/plugins/com.st.stm32cube.common.mx_6.14.1.202504091515//db//plugins/boardmanager/
2025-04-21 17:27:18,918 [INFO] ApiDb:261 - Set plugin images path to: /Applications/STM32CubeIDE.app/Contents/Eclipse/plugins/com.st.stm32cube.common.mx_6.14.1.202504091515//db//plugins/mcufinder/images/
2025-04-21 17:27:18,918 [WARN] DbFile:41 - Overriding database path with different value: /Users/himethaluthwala/.stmcufinder/plugins/mcufinder/ => /Users/himethaluthwala/.stmcufinder/plugins/mcufinder
2025-04-21 17:27:18,918 [INFO] ApiDb:250 - Set database path to: /Users/himethaluthwala/.stmcufinder/plugins/mcufinder//mcu/
2025-04-21 17:27:18,918 [WARN] DbFile:41 - Overriding database path with different value: /Users/himethaluthwala/.stmcufinder/plugins/mcufinder/ => /Users/himethaluthwala/.stmcufinder/plugins/mcufinder
2025-04-21 17:27:18,919 [INFO] DbMcusAds:125 - Set database path to: /Users/himethaluthwala/.stmcufinder/plugins/mcufinder//mcu/
2025-04-21 17:27:18,919 [WARN] DbFile:41 - Overriding database path with different value: /Users/himethaluthwala/.stmcufinder/plugins/mcufinder/ => /Users/himethaluthwala/.stmcufinder/plugins/mcufinder
2025-04-21 17:27:18,919 [WARN] DbFile:41 - Overriding database path with different value: /Users/himethaluthwala/.stmcufinder/plugins/mcufinder/ => /Users/himethaluthwala/.stmcufinder/plugins/mcufinder
2025-04-21 17:27:18,919 [INFO] CrossReferenceDbSqlite:203 - Set database path to: /Users/himethaluthwala/.stmcufinder/plugins/mcufinder//mcu/cs/
2025-04-21 17:27:18,998 [INFO] MainPanel:272 - HeapMemory: 268435456
2025-04-21 17:27:19,847 [INFO] DbMcusXml:78 - Set database path to: /Applications/STM32CubeIDE.app/Contents/Eclipse/plugins/com.st.stm32cube.common.mx_6.14.1.202504091515//db//mcu/
2025-04-21 17:27:19,847 [INFO] ApiDb:274 - Set plugin database path to: /Applications/STM32CubeIDE.app/Contents/Eclipse/plugins/com.st.stm32cube.common.mx_6.14.1.202504091515//db//plugins/boardmanager/
2025-04-21 17:27:19,847 [INFO] ApiDb:261 - Set plugin images path to: /Applications/STM32CubeIDE.app/Contents/Eclipse/plugins/com.st.stm32cube.common.mx_6.14.1.202504091515//db//plugins/mcufinder/images/
2025-04-21 17:27:19,848 [WARN] DbFile:41 - Overriding database path with different value: /Users/himethaluthwala/.stmcufinder/plugins/mcufinder/ => /Users/himethaluthwala/.stmcufinder/plugins/mcufinder
2025-04-21 17:27:19,848 [INFO] ApiDb:250 - Set database path to: /Users/himethaluthwala/.stmcufinder/plugins/mcufinder//mcu/
2025-04-21 17:27:19,848 [WARN] DbFile:41 - Overriding database path with different value: /Users/himethaluthwala/.stmcufinder/plugins/mcufinder/ => /Users/himethaluthwala/.stmcufinder/plugins/mcufinder
2025-04-21 17:27:19,848 [INFO] DbMcusAds:125 - Set database path to: /Users/himethaluthwala/.stmcufinder/plugins/mcufinder//mcu/
2025-04-21 17:27:19,848 [WARN] DbFile:41 - Overriding database path with different value: /Users/himethaluthwala/.stmcufinder/plugins/mcufinder/ => /Users/himethaluthwala/.stmcufinder/plugins/mcufinder
2025-04-21 17:27:19,848 [WARN] DbFile:41 - Overriding database path with different value: /Users/himethaluthwala/.stmcufinder/plugins/mcufinder/ => /Users/himethaluthwala/.stmcufinder/plugins/mcufinder
2025-04-21 17:27:19,849 [INFO] CrossReferenceDbSqlite:203 - Set database path to: /Users/himethaluthwala/.stmcufinder/plugins/mcufinder//mcu/cs/
2025-04-21 17:27:19,868 [INFO] ApplicationProperties:184 - Using Application install path: /Applications/STM32CubeIDE.app/Contents/Eclipse/plugins/com.st.stm32cube.common.mx_6.14.1.202504091515
2025-04-21 17:27:19,870 [INFO] PluginManage:196 - Search for loadable plugins [exclusion list=, ]
2025-04-21 17:27:19,871 [INFO] PluginManage:310 - Check plugin analytics
2025-04-21 17:27:20,047 [INFO] AnalyticsPlugin:253 - Accepted Software Licenses: 
2025-04-21 17:27:20,048 [INFO] AnalyticsPlugin:255 - Accepted CMSIS Pack Licenses: 
2025-04-21 17:27:20,048 [INFO] AnalyticsPlugin:257 - Accepted Firmware Licenses: 
2025-04-21 17:27:20,050 [INFO] PluginManage:359 - Loaded plugin analytics (category:tool,tabindex:-1)
2025-04-21 17:27:20,050 [INFO] PluginManage:310 - Check plugin cadmodel
2025-04-21 17:27:20,056 [INFO] CADModel:105 - Init CAD model plugin
2025-04-21 17:27:20,056 [INFO] PluginManage:359 - Loaded plugin cadmodel (category:power,tabindex:5)
2025-04-21 17:27:20,057 [INFO] PluginManage:310 - Check plugin clock
2025-04-21 17:27:20,067 [INFO] PluginManage:359 - Loaded plugin clock (category:base,tabindex:2)
2025-04-21 17:27:20,067 [INFO] PluginManage:310 - Check plugin ddr
2025-04-21 17:27:20,071 [INFO] PluginManage:359 - Loaded plugin ddr (category:tool,tabindex:6)
2025-04-21 17:27:20,071 [INFO] PluginManage:310 - Check plugin filemanager
2025-04-21 17:27:20,252 [INFO] PluginManage:359 - Loaded plugin filemanager (category:base,tabindex:10)
2025-04-21 17:27:20,252 [INFO] PluginManage:310 - Check plugin ipmanager
2025-04-21 17:27:20,258 [INFO] PluginManage:359 - Loaded plugin ipmanager (category:base,tabindex:5)
2025-04-21 17:27:20,259 [INFO] PluginManage:310 - Check plugin lpbam
2025-04-21 17:27:20,279 [INFO] PluginManage:359 - Loaded plugin lpbam (category:base,tabindex:0)
2025-04-21 17:27:20,280 [INFO] PluginManage:310 - Check plugin memorymap
2025-04-21 17:27:20,295 [INFO] PluginManage:359 - Loaded plugin memorymap (category:base,tabindex:4)
2025-04-21 17:27:20,295 [INFO] PluginManage:310 - Check plugin pinoutandconfiguration
2025-04-21 17:27:20,310 [INFO] PluginManage:359 - Loaded plugin pinoutandconfiguration (category:base,tabindex:1)
2025-04-21 17:27:20,310 [INFO] PluginManage:310 - Check plugin pinoutconfig
2025-04-21 17:27:20,317 [INFO] McuFinderGlobals:63 - Set McuFinder mode to 2 (CubeIDE integrated)
2025-04-21 17:27:20,426 [WARN] SupportedApi:132 - Cannot load RTOS API schema: s4s-elt-must-match.1: The content of 'definitions' must match (annotation?, (simpleType | complexType)?, (unique | key | keyref)*)). A problem was found starting at: attribute.
2025-04-21 17:27:20,554 [INFO] PluginManage:359 - Loaded plugin pinoutconfig (category:base,tabindex:0)
2025-04-21 17:27:20,554 [INFO] PluginManage:310 - Check plugin power
2025-04-21 17:27:20,564 [INFO] PluginManage:359 - Loaded plugin power (category:power,tabindex:4)
2025-04-21 17:27:20,564 [INFO] PluginManage:310 - Check plugin projectmanager
2025-04-21 17:27:20,578 [INFO] PluginManage:359 - Loaded plugin projectmanager (category:projectmanager,tabindex:4)
2025-04-21 17:27:20,578 [INFO] PluginManage:310 - Check plugin rif
2025-04-21 17:27:20,585 [INFO] PluginManage:359 - Loaded plugin rif (category:base,tabindex:3)
2025-04-21 17:27:20,585 [INFO] PluginManage:310 - Check plugin thirdparty
2025-04-21 17:27:20,685 [INFO] PluginManage:359 - Loaded plugin thirdparty (category:base,tabindex:-1)
2025-04-21 17:27:20,685 [WARN] IntegrityCheckThread:84 - waiting for thirdparty lock release [integrity check]
2025-04-21 17:27:20,685 [INFO] PluginManage:310 - Check plugin tools
2025-04-21 17:27:20,685 [INFO] IntegrityCheckThread:86 - entering critical section [integrity check]
2025-04-21 17:27:20,685 [INFO] ThirdPartyUpdaterWithRetryManager:70 - Updater plugin not ready yet. [1/15]
2025-04-21 17:27:20,687 [INFO] PluginManage:359 - Loaded plugin tools (category:base,tabindex:7)
2025-04-21 17:27:20,687 [INFO] PluginManage:310 - Check plugin tutovideos
2025-04-21 17:27:20,859 [INFO] PluginManage:359 - Loaded plugin tutovideos (category:base,tabindex:-1)
2025-04-21 17:27:20,859 [INFO] PluginManage:310 - Check plugin updater
2025-04-21 17:27:20,885 [INFO] PluginManage:359 - Loaded plugin updater (category:base,tabindex:12)
2025-04-21 17:27:20,885 [INFO] PluginManage:310 - Check plugin userauth
2025-04-21 17:27:20,890 [INFO] UserAuth:118 - Init User Auth plugin
2025-04-21 17:27:20,891 [INFO] PluginManage:359 - Loaded plugin userauth (category:base,tabindex:14)
2025-04-21 17:27:20,891 [INFO] PluginManage:283 - PluginManage : Loaded plugins [18]
2025-04-21 17:27:23,690 [INFO] ThirdPartyUpdaterWithRetryManager:70 - Updater plugin not ready yet. [2/15]
2025-04-21 17:27:26,693 [INFO] ThirdPartyUpdaterWithRetryManager:70 - Updater plugin not ready yet. [3/15]
2025-04-21 17:27:29,697 [INFO] ThirdPartyUpdaterWithRetryManager:70 - Updater plugin not ready yet. [4/15]
2025-04-21 17:27:32,700 [INFO] ThirdPartyUpdaterWithRetryManager:70 - Updater plugin not ready yet. [5/15]
2025-04-21 17:27:35,703 [INFO] ThirdPartyUpdaterWithRetryManager:70 - Updater plugin not ready yet. [6/15]
2025-04-21 17:27:38,706 [INFO] ThirdPartyUpdaterWithRetryManager:70 - Updater plugin not ready yet. [7/15]
2025-04-21 17:27:41,711 [INFO] ThirdPartyUpdaterWithRetryManager:70 - Updater plugin not ready yet. [8/15]
2025-04-21 17:27:44,712 [INFO] ThirdPartyUpdaterWithRetryManager:70 - Updater plugin not ready yet. [9/15]
2025-04-21 17:27:47,714 [INFO] ThirdPartyUpdaterWithRetryManager:70 - Updater plugin not ready yet. [10/15]
2025-04-21 17:27:50,716 [INFO] ThirdPartyUpdaterWithRetryManager:70 - Updater plugin not ready yet. [11/15]
2025-04-21 17:27:53,719 [INFO] ThirdPartyUpdaterWithRetryManager:70 - Updater plugin not ready yet. [12/15]
2025-04-21 17:27:56,721 [INFO] ThirdPartyUpdaterWithRetryManager:70 - Updater plugin not ready yet. [13/15]
2025-04-21 17:27:59,726 [INFO] ThirdPartyUpdaterWithRetryManager:70 - Updater plugin not ready yet. [14/15]
2025-04-21 17:28:02,727 [INFO] ThirdPartyUpdaterWithRetryManager:70 - Updater plugin not ready yet. [15/15]
2025-04-21 17:28:02,727 [ERROR] AbstractThirdPartyUpdaterManager:170 - Updater plugin not retrieved
2025-04-21 17:28:02,728 [ERROR] IntegrityCheckThread:130 - Cannot retrieve database content from updater: error -1
2025-04-21 17:28:02,728 [INFO] ThirdParty:978 - Integrity check success = false
2025-04-21 17:28:02,728 [INFO] IntegrityCheckThread:100 - exiting critical section [integrity check]
2025-04-21 17:28:02,728 [INFO] IntegrityCheckThread:103 - End integrity checks thread
2025-04-21 17:32:51,943 [INFO] Activator:176 - 


2025-04-21 17:32:51,946 [INFO] Activator:177 - !SESSION log4j initialized
2025-04-21 17:32:53,035 [INFO] LogOutputStream:77 - [STDOUT_REDIRECT] 
2025-04-21 17:32:53,790 [ERROR] LogOutputStream:75 - [STDERR_REDIRECT] 
2025-04-21 17:32:55,502 [INFO] LogOutputStream:77 - [STDOUT_REDIRECT] 
2025-04-21 17:32:57,476 [INFO] ApplicationProperties:184 - Using Application install path: /Applications/STM32CubeIDE.app/Contents/Eclipse/plugins/com.st.stm32cube.common.mx_6.14.1.202504091515
2025-04-21 17:32:57,494 [INFO] DbMcusXml:78 - Set database path to: /Applications/STM32CubeIDE.app/Contents/Eclipse/plugins/com.st.stm32cube.common.mx_6.14.1.202504091515//db//mcu/
2025-04-21 17:32:57,494 [INFO] ApiDb:274 - Set plugin database path to: /Applications/STM32CubeIDE.app/Contents/Eclipse/plugins/com.st.stm32cube.common.mx_6.14.1.202504091515//db//plugins/boardmanager/
2025-04-21 17:32:57,495 [WARN] ApiDb:259 - Overriding images path with different value:  => /Applications/STM32CubeIDE.app/Contents/Eclipse/plugins/com.st.stm32cube.common.mx_6.14.1.202504091515//db//plugins/mcufinder/images/
2025-04-21 17:32:57,500 [INFO] ApiDb:250 - Set database path to: /Users/himethaluthwala/.stmcufinder/plugins/mcufinder//mcu/
2025-04-21 17:32:57,501 [INFO] DbMcusAds:125 - Set database path to: /Users/himethaluthwala/.stmcufinder/plugins/mcufinder//mcu/
2025-04-21 17:32:57,503 [INFO] CrossReferenceDbSqlite:203 - Set database path to: /Users/himethaluthwala/.stmcufinder/plugins/mcufinder//mcu/cs/
2025-04-21 17:32:57,621 [INFO] RulesReader:64 - Compatibility file has been processed (302 Rules)
2025-04-21 17:32:57,716 [INFO] DbMcusXml:78 - Set database path to: /Applications/STM32CubeIDE.app/Contents/Eclipse/plugins/com.st.stm32cube.common.mx_6.14.1.202504091515//db//mcu/
2025-04-21 17:32:57,716 [INFO] ApiDb:274 - Set plugin database path to: /Applications/STM32CubeIDE.app/Contents/Eclipse/plugins/com.st.stm32cube.common.mx_6.14.1.202504091515//db//plugins/boardmanager/
2025-04-21 17:32:57,717 [INFO] ApiDb:261 - Set plugin images path to: /Applications/STM32CubeIDE.app/Contents/Eclipse/plugins/com.st.stm32cube.common.mx_6.14.1.202504091515//db//plugins/mcufinder/images/
2025-04-21 17:32:57,717 [WARN] DbFile:41 - Overriding database path with different value: /Users/himethaluthwala/.stmcufinder/plugins/mcufinder/ => /Users/himethaluthwala/.stmcufinder/plugins/mcufinder
2025-04-21 17:32:57,717 [INFO] ApiDb:250 - Set database path to: /Users/himethaluthwala/.stmcufinder/plugins/mcufinder//mcu/
2025-04-21 17:32:57,717 [WARN] DbFile:41 - Overriding database path with different value: /Users/himethaluthwala/.stmcufinder/plugins/mcufinder/ => /Users/himethaluthwala/.stmcufinder/plugins/mcufinder
2025-04-21 17:32:57,717 [INFO] DbMcusAds:125 - Set database path to: /Users/himethaluthwala/.stmcufinder/plugins/mcufinder//mcu/
2025-04-21 17:32:57,717 [WARN] DbFile:41 - Overriding database path with different value: /Users/himethaluthwala/.stmcufinder/plugins/mcufinder/ => /Users/himethaluthwala/.stmcufinder/plugins/mcufinder
2025-04-21 17:32:57,717 [WARN] DbFile:41 - Overriding database path with different value: /Users/himethaluthwala/.stmcufinder/plugins/mcufinder/ => /Users/himethaluthwala/.stmcufinder/plugins/mcufinder
2025-04-21 17:32:57,717 [INFO] CrossReferenceDbSqlite:203 - Set database path to: /Users/himethaluthwala/.stmcufinder/plugins/mcufinder//mcu/cs/
2025-04-21 17:32:57,798 [INFO] MainPanel:272 - HeapMemory: 268435456
2025-04-21 17:32:58,611 [INFO] DbMcusXml:78 - Set database path to: /Applications/STM32CubeIDE.app/Contents/Eclipse/plugins/com.st.stm32cube.common.mx_6.14.1.202504091515//db//mcu/
2025-04-21 17:32:58,611 [INFO] ApiDb:274 - Set plugin database path to: /Applications/STM32CubeIDE.app/Contents/Eclipse/plugins/com.st.stm32cube.common.mx_6.14.1.202504091515//db//plugins/boardmanager/
2025-04-21 17:32:58,612 [INFO] ApiDb:261 - Set plugin images path to: /Applications/STM32CubeIDE.app/Contents/Eclipse/plugins/com.st.stm32cube.common.mx_6.14.1.202504091515//db//plugins/mcufinder/images/
2025-04-21 17:32:58,612 [WARN] DbFile:41 - Overriding database path with different value: /Users/himethaluthwala/.stmcufinder/plugins/mcufinder/ => /Users/himethaluthwala/.stmcufinder/plugins/mcufinder
2025-04-21 17:32:58,612 [INFO] ApiDb:250 - Set database path to: /Users/himethaluthwala/.stmcufinder/plugins/mcufinder//mcu/
2025-04-21 17:32:58,612 [WARN] DbFile:41 - Overriding database path with different value: /Users/himethaluthwala/.stmcufinder/plugins/mcufinder/ => /Users/himethaluthwala/.stmcufinder/plugins/mcufinder
2025-04-21 17:32:58,612 [INFO] DbMcusAds:125 - Set database path to: /Users/himethaluthwala/.stmcufinder/plugins/mcufinder//mcu/
2025-04-21 17:32:58,612 [WARN] DbFile:41 - Overriding database path with different value: /Users/himethaluthwala/.stmcufinder/plugins/mcufinder/ => /Users/himethaluthwala/.stmcufinder/plugins/mcufinder
2025-04-21 17:32:58,612 [WARN] DbFile:41 - Overriding database path with different value: /Users/himethaluthwala/.stmcufinder/plugins/mcufinder/ => /Users/himethaluthwala/.stmcufinder/plugins/mcufinder
2025-04-21 17:32:58,612 [INFO] CrossReferenceDbSqlite:203 - Set database path to: /Users/himethaluthwala/.stmcufinder/plugins/mcufinder//mcu/cs/
2025-04-21 17:32:58,635 [INFO] ApplicationProperties:184 - Using Application install path: /Applications/STM32CubeIDE.app/Contents/Eclipse/plugins/com.st.stm32cube.common.mx_6.14.1.202504091515
2025-04-21 17:32:58,637 [INFO] PluginManage:196 - Search for loadable plugins [exclusion list=, ]
2025-04-21 17:32:58,639 [INFO] PluginManage:310 - Check plugin analytics
2025-04-21 17:32:58,816 [INFO] AnalyticsPlugin:253 - Accepted Software Licenses: 
2025-04-21 17:32:58,816 [INFO] AnalyticsPlugin:255 - Accepted CMSIS Pack Licenses: 
2025-04-21 17:32:58,816 [INFO] AnalyticsPlugin:257 - Accepted Firmware Licenses: 
2025-04-21 17:32:58,818 [INFO] PluginManage:359 - Loaded plugin analytics (category:tool,tabindex:-1)
2025-04-21 17:32:58,819 [INFO] PluginManage:310 - Check plugin cadmodel
2025-04-21 17:32:58,824 [INFO] CADModel:105 - Init CAD model plugin
2025-04-21 17:32:58,825 [INFO] PluginManage:359 - Loaded plugin cadmodel (category:power,tabindex:5)
2025-04-21 17:32:58,825 [INFO] PluginManage:310 - Check plugin clock
2025-04-21 17:32:58,835 [INFO] PluginManage:359 - Loaded plugin clock (category:base,tabindex:2)
2025-04-21 17:32:58,835 [INFO] PluginManage:310 - Check plugin ddr
2025-04-21 17:32:58,838 [INFO] PluginManage:359 - Loaded plugin ddr (category:tool,tabindex:6)
2025-04-21 17:32:58,838 [INFO] PluginManage:310 - Check plugin filemanager
2025-04-21 17:32:59,024 [INFO] PluginManage:359 - Loaded plugin filemanager (category:base,tabindex:10)
2025-04-21 17:32:59,025 [INFO] PluginManage:310 - Check plugin ipmanager
2025-04-21 17:32:59,033 [INFO] PluginManage:359 - Loaded plugin ipmanager (category:base,tabindex:5)
2025-04-21 17:32:59,033 [INFO] PluginManage:310 - Check plugin lpbam
2025-04-21 17:32:59,046 [INFO] PluginManage:359 - Loaded plugin lpbam (category:base,tabindex:0)
2025-04-21 17:32:59,047 [INFO] PluginManage:310 - Check plugin memorymap
2025-04-21 17:32:59,082 [INFO] PluginManage:359 - Loaded plugin memorymap (category:base,tabindex:4)
2025-04-21 17:32:59,083 [INFO] PluginManage:310 - Check plugin pinoutandconfiguration
2025-04-21 17:32:59,097 [INFO] PluginManage:359 - Loaded plugin pinoutandconfiguration (category:base,tabindex:1)
2025-04-21 17:32:59,097 [INFO] PluginManage:310 - Check plugin pinoutconfig
2025-04-21 17:32:59,290 [WARN] SupportedApi:132 - Cannot load RTOS API schema: s4s-elt-must-match.1: The content of 'definitions' must match (annotation?, (simpleType | complexType)?, (unique | key | keyref)*)). A problem was found starting at: attribute.
2025-04-21 17:32:59,444 [INFO] PluginManage:359 - Loaded plugin pinoutconfig (category:base,tabindex:0)
2025-04-21 17:32:59,444 [INFO] PluginManage:310 - Check plugin power
2025-04-21 17:32:59,455 [INFO] PluginManage:359 - Loaded plugin power (category:power,tabindex:4)
2025-04-21 17:32:59,456 [INFO] PluginManage:310 - Check plugin projectmanager
2025-04-21 17:32:59,471 [INFO] PluginManage:359 - Loaded plugin projectmanager (category:projectmanager,tabindex:4)
2025-04-21 17:32:59,471 [INFO] PluginManage:310 - Check plugin rif
2025-04-21 17:32:59,479 [INFO] PluginManage:359 - Loaded plugin rif (category:base,tabindex:3)
2025-04-21 17:32:59,479 [INFO] PluginManage:310 - Check plugin thirdparty
2025-04-21 17:32:59,587 [INFO] PluginManage:359 - Loaded plugin thirdparty (category:base,tabindex:-1)
2025-04-21 17:32:59,587 [WARN] IntegrityCheckThread:84 - waiting for thirdparty lock release [integrity check]
2025-04-21 17:32:59,587 [INFO] PluginManage:310 - Check plugin tools
2025-04-21 17:32:59,587 [INFO] IntegrityCheckThread:86 - entering critical section [integrity check]
2025-04-21 17:32:59,588 [INFO] ThirdPartyUpdaterWithRetryManager:70 - Updater plugin not ready yet. [1/15]
2025-04-21 17:32:59,589 [INFO] PluginManage:359 - Loaded plugin tools (category:base,tabindex:7)
2025-04-21 17:32:59,590 [INFO] PluginManage:310 - Check plugin tutovideos
2025-04-21 17:32:59,764 [INFO] PluginManage:359 - Loaded plugin tutovideos (category:base,tabindex:-1)
2025-04-21 17:32:59,764 [INFO] PluginManage:310 - Check plugin updater
2025-04-21 17:32:59,786 [INFO] PluginManage:359 - Loaded plugin updater (category:base,tabindex:12)
2025-04-21 17:32:59,786 [INFO] PluginManage:310 - Check plugin userauth
2025-04-21 17:32:59,790 [INFO] UserAuth:118 - Init User Auth plugin
2025-04-21 17:32:59,791 [INFO] PluginManage:359 - Loaded plugin userauth (category:base,tabindex:14)
2025-04-21 17:32:59,791 [INFO] PluginManage:283 - PluginManage : Loaded plugins [18]
2025-04-21 17:33:00,078 [INFO] PinOutPanel:1589 - setPackage(No Configuration,No Configuration)
2025-04-21 17:33:00,152 [INFO] CADModel:165 - CPN selected for project level
2025-04-21 17:33:00,152 [INFO] CADModel:114 - Register for checkConnection events
2025-04-21 17:33:00,165 [INFO] IPUIPlugin:80 - create IPUIPlugin
2025-04-21 17:33:00,166 [INFO] PluginManager:220 - loadIPPluginJar : add mdma
2025-04-21 17:33:00,173 [INFO] IPUIPlugin:80 - create IPUIPlugin
2025-04-21 17:33:00,173 [INFO] PluginManager:220 - loadIPPluginJar : add freertos
2025-04-21 17:33:00,178 [INFO] IPUIPlugin:80 - create IPUIPlugin
2025-04-21 17:33:00,179 [INFO] PluginManager:220 - loadIPPluginJar : add gic
2025-04-21 17:33:00,188 [INFO] IPUIPlugin:80 - create IPUIPlugin
2025-04-21 17:33:00,188 [INFO] PluginManager:220 - loadIPPluginJar : add adc
2025-04-21 17:33:00,191 [INFO] IPUIPlugin:80 - create IPUIPlugin
2025-04-21 17:33:00,191 [INFO] PluginManager:220 - loadIPPluginJar : add gtzc
2025-04-21 17:33:00,192 [INFO] IPUIPlugin:80 - create IPUIPlugin
2025-04-21 17:33:00,192 [INFO] PluginManager:220 - loadIPPluginJar : add quadspi
2025-04-21 17:33:00,195 [INFO] IPUIPlugin:80 - create IPUIPlugin
2025-04-21 17:33:00,195 [INFO] PluginManager:220 - loadIPPluginJar : add aes
2025-04-21 17:33:00,198 [INFO] IPUIPlugin:80 - create IPUIPlugin
2025-04-21 17:33:00,198 [INFO] PluginManager:220 - loadIPPluginJar : add pdm2pcm
2025-04-21 17:33:00,200 [INFO] IPUIPlugin:80 - create IPUIPlugin
2025-04-21 17:33:00,200 [INFO] PluginManager:220 - loadIPPluginJar : add hash
2025-04-21 17:33:00,202 [INFO] IPUIPlugin:80 - create IPUIPlugin
2025-04-21 17:33:00,202 [INFO] PluginManager:220 - loadIPPluginJar : add tim
2025-04-21 17:33:00,204 [INFO] IPUIPlugin:80 - create IPUIPlugin
2025-04-21 17:33:00,204 [INFO] PluginManager:220 - loadIPPluginJar : add tsc
2025-04-21 17:33:00,207 [INFO] IPUIPlugin:80 - create IPUIPlugin
2025-04-21 17:33:00,207 [INFO] PluginManager:220 - loadIPPluginJar : add extmemmanager
2025-04-21 17:33:00,209 [INFO] IPUIPlugin:80 - create IPUIPlugin
2025-04-21 17:33:00,209 [INFO] PluginManager:220 - loadIPPluginJar : add ts
2025-04-21 17:33:00,210 [INFO] IPUIPlugin:80 - create IPUIPlugin
2025-04-21 17:33:00,211 [INFO] PluginManager:220 - loadIPPluginJar : add radio
2025-04-21 17:33:00,214 [INFO] IPUIPlugin:80 - create IPUIPlugin
2025-04-21 17:33:00,214 [INFO] PluginManager:220 - loadIPPluginJar : add can
2025-04-21 17:33:00,216 [INFO] IPUIPlugin:80 - create IPUIPlugin
2025-04-21 17:33:00,216 [INFO] PluginManager:220 - loadIPPluginJar : add dma3
2025-04-21 17:33:00,218 [INFO] IPUIPlugin:80 - create IPUIPlugin
2025-04-21 17:33:00,218 [INFO] PluginManager:220 - loadIPPluginJar : add dfsdm
2025-04-21 17:33:00,221 [INFO] IPUIPlugin:80 - create IPUIPlugin
2025-04-21 17:33:00,221 [INFO] PluginManager:220 - loadIPPluginJar : add spi
2025-04-21 17:33:00,223 [INFO] IPUIPlugin:80 - create IPUIPlugin
2025-04-21 17:33:00,223 [INFO] PluginManager:220 - loadIPPluginJar : add gfxmmu
2025-04-21 17:33:00,224 [INFO] IPUIPlugin:80 - create IPUIPlugin
2025-04-21 17:33:00,224 [INFO] PluginManager:220 - loadIPPluginJar : add genericplugin
2025-04-21 17:33:00,226 [INFO] IPUIPlugin:80 - create IPUIPlugin
2025-04-21 17:33:00,226 [INFO] PluginManager:220 - loadIPPluginJar : add cryp
2025-04-21 17:33:00,231 [INFO] IPUIPlugin:80 - create IPUIPlugin
2025-04-21 17:33:00,231 [INFO] PluginManager:220 - loadIPPluginJar : add gpio
2025-04-21 17:33:00,234 [INFO] IPUIPlugin:80 - create IPUIPlugin
2025-04-21 17:33:00,234 [INFO] PluginManager:220 - loadIPPluginJar : add ddr_ctrl_phy
2025-04-21 17:33:00,236 [INFO] IPUIPlugin:80 - create IPUIPlugin
2025-04-21 17:33:00,236 [INFO] PluginManager:220 - loadIPPluginJar : add comp
2025-04-21 17:33:00,238 [INFO] IPUIPlugin:80 - create IPUIPlugin
2025-04-21 17:33:00,238 [INFO] PluginManager:220 - loadIPPluginJar : add tracer_emb
2025-04-21 17:33:00,240 [INFO] IPUIPlugin:80 - create IPUIPlugin
2025-04-21 17:33:00,240 [INFO] PluginManager:220 - loadIPPluginJar : add openamp
2025-04-21 17:33:00,246 [INFO] IPUIPlugin:80 - create IPUIPlugin
2025-04-21 17:33:00,247 [INFO] PluginManager:220 - loadIPPluginJar : add stm32_wpan
2025-04-21 17:33:00,252 [INFO] IPUIPlugin:80 - create IPUIPlugin
2025-04-21 17:33:00,255 [INFO] PluginManager:220 - loadIPPluginJar : add plateformsettings
2025-04-21 17:33:00,258 [INFO] IPUIPlugin:80 - create IPUIPlugin
2025-04-21 17:33:00,258 [INFO] PluginManager:220 - loadIPPluginJar : add ipddr
2025-04-21 17:33:00,260 [INFO] IPUIPlugin:80 - create IPUIPlugin
2025-04-21 17:33:00,260 [INFO] PluginManager:220 - loadIPPluginJar : add usart
2025-04-21 17:33:00,261 [INFO] IPUIPlugin:80 - create IPUIPlugin
2025-04-21 17:33:00,262 [INFO] PluginManager:220 - loadIPPluginJar : add ltdc
2025-04-21 17:33:00,265 [INFO] IPUIPlugin:80 - create IPUIPlugin
2025-04-21 17:33:00,265 [INFO] PluginManager:220 - loadIPPluginJar : add nvic
2025-04-21 17:33:00,267 [INFO] IPUIPlugin:80 - create IPUIPlugin
2025-04-21 17:33:00,267 [INFO] PluginManager:220 - loadIPPluginJar : add fatfs
2025-04-21 17:33:00,274 [INFO] IPUIPlugin:80 - create IPUIPlugin
2025-04-21 17:33:00,274 [INFO] PluginManager:220 - loadIPPluginJar : add linkedlist
2025-04-21 17:33:00,280 [INFO] IPUIPlugin:80 - create IPUIPlugin
2025-04-21 17:33:00,280 [INFO] PluginManager:220 - loadIPPluginJar : add dma
2025-04-21 17:33:00,284 [INFO] IPUIPlugin:80 - create IPUIPlugin
2025-04-21 17:33:00,284 [INFO] PluginManager:220 - loadIPPluginJar : add fmc
2025-04-21 17:33:00,287 [INFO] IPUIPlugin:80 - create IPUIPlugin
2025-04-21 17:33:00,287 [INFO] PluginManager:220 - loadIPPluginJar : add i2s
2025-04-21 17:33:00,289 [INFO] IPUIPlugin:80 - create IPUIPlugin
2025-04-21 17:33:00,289 [INFO] PluginManager:220 - loadIPPluginJar : add ucpd
2025-04-21 17:33:00,291 [INFO] IPUIPlugin:80 - create IPUIPlugin
2025-04-21 17:33:00,291 [INFO] PluginManager:220 - loadIPPluginJar : add lorawan
2025-04-21 17:33:00,294 [INFO] IPUIPlugin:80 - create IPUIPlugin
2025-04-21 17:33:00,295 [INFO] PluginManager:220 - loadIPPluginJar : add opamp
2025-04-21 17:33:00,298 [INFO] IPUIPlugin:80 - create IPUIPlugin
2025-04-21 17:33:00,298 [INFO] PluginManager:220 - loadIPPluginJar : add i3c
2025-04-21 17:33:00,301 [INFO] IPUIPlugin:80 - create IPUIPlugin
2025-04-21 17:33:00,301 [INFO] PluginManager:220 - loadIPPluginJar : add touchsensing
2025-04-21 17:33:00,303 [INFO] IPUIPlugin:80 - create IPUIPlugin
2025-04-21 17:33:00,304 [INFO] PluginManager:220 - loadIPPluginJar : add i2c
2025-04-21 17:33:00,307 [INFO] IPUIPlugin:80 - create IPUIPlugin
2025-04-21 17:33:00,307 [INFO] PluginManager:220 - loadIPPluginJar : add resmgrutility
2025-04-21 17:33:00,310 [INFO] IPUIPlugin:80 - create IPUIPlugin
2025-04-21 17:33:00,310 [INFO] PluginManager:220 - loadIPPluginJar : add sai
2025-04-21 17:33:00,313 [INFO] IPUIPlugin:80 - create IPUIPlugin
2025-04-21 17:33:00,313 [INFO] PluginManager:220 - loadIPPluginJar : add usbx
2025-04-21 17:33:00,420 [FATAL] Updater:351 - Updater called before beeing initialized
2025-04-21 17:33:00,453 [INFO] RulesReader:64 - Compatibility file has been processed (302 Rules)
2025-04-21 17:33:00,463 [INFO] RulesReader:64 - Compatibility file has been processed (302 Rules)
2025-04-21 17:33:00,468 [INFO] CADModel:165 - CPN selected for project level
2025-04-21 17:33:00,468 [INFO] CADModel:114 - Register for checkConnection events
2025-04-21 17:33:00,469 [FATAL] Updater:351 - Updater called before beeing initialized
2025-04-21 17:33:00,469 [ERROR] CADModel:125 - Updater not yet initialized, retry later 
2025-04-21 17:33:00,679 [FATAL] Updater:351 - Updater called before beeing initialized
2025-04-21 17:33:00,681 [INFO] CADModel:165 - CPN selected for project level
2025-04-21 17:33:00,681 [INFO] CADModel:114 - Register for checkConnection events
2025-04-21 17:33:00,681 [FATAL] Updater:351 - Updater called before beeing initialized
2025-04-21 17:33:00,681 [ERROR] CADModel:125 - Updater not yet initialized, retry later 
2025-04-21 17:33:00,685 [FATAL] Updater:351 - Updater called before beeing initialized
2025-04-21 17:33:00,759 [FATAL] Updater:351 - Updater called before beeing initialized
2025-04-21 17:33:00,764 [INFO] DbMcusAds:53 - JSON generation date=Thu Sep 30 16:55:09 AEST 2021 (1632984909247)
2025-04-21 17:33:00,764 [FATAL] Updater:351 - Updater called before beeing initialized
2025-04-21 17:33:00,921 [WARN] DetailPanel:346 - Failed to get advertising image, set to default
2025-04-21 17:33:01,241 [FATAL] Updater:351 - Updater called before beeing initialized
2025-04-21 17:33:01,243 [FATAL] Updater:351 - Updater called before beeing initialized
2025-04-21 17:33:01,243 [FATAL] Updater:351 - Updater called before beeing initialized
2025-04-21 17:33:01,243 [WARN] DetailPanel:346 - Failed to get advertising image, set to default
2025-04-21 17:33:01,244 [FATAL] Updater:351 - Updater called before beeing initialized
2025-04-21 17:33:01,275 [ERROR] Updater:1198 - MainUpdater not yet initialized. External WinMGr cannot be set.
2025-04-21 17:33:01,277 [INFO] Updater:1134 - Updater Version found : 6.14.1
2025-04-21 17:33:01,296 [INFO] ApplicationProperties:184 - Using Application install path: /Applications/STM32CubeIDE.app/Contents/Eclipse/plugins/com.st.stm32cube.common.mx_6.14.1.202504091515
2025-04-21 17:33:02,439 [INFO] MainUpdater:2872 - connection check result : 10
2025-04-21 17:33:02,440 [INFO] MainUpdater:289 - Updater Check For Update Now.
2025-04-21 17:33:02,440 [INFO] MicroXplorer:498 - Change Database Version : DB.6.0.141
2025-04-21 17:33:02,446 [INFO] McuFinderGlobals:63 - Set McuFinder mode to 2 (CubeIDE integrated)
2025-04-21 17:33:02,447 [INFO] UserAuth:171 - activating auth plugin
2025-04-21 17:33:02,450 [INFO] UserAuth:484 - Internet connection configuration mode: 1
2025-04-21 17:33:02,471 [INFO] JxBrowserEngine:152 - Initiate JxBrowser Engine with user profile folder
2025-04-21 17:33:02,588 [WARN] MainUpdater:1193 - Updater busy. Cannot search thirdparties
2025-04-21 17:33:02,589 [INFO] ThirdPartyUpdaterWithRetryManager:96 - Updater plugin is busy. [1/15]
2025-04-21 17:33:02,619 [INFO] CheckServerUpdateThread:120 - End of CheckServer Thread
2025-04-21 17:33:02,709 [INFO] McuFinderGlobals:63 - Set McuFinder mode to 2 (CubeIDE integrated)
2025-04-21 17:33:02,712 [INFO] MainUpdater:2872 - connection check result : 10
2025-04-21 17:33:02,714 [INFO] McuFinderGlobals:76 - Set McuFinderConnectedMode to true
2025-04-21 17:33:02,988 [INFO] ServerAccessManage:473 - Download File mcusAds.json._tmp_
2025-04-21 17:33:03,095 [INFO] LoadUrlFilesThread:156 - End of LoadUrlFiles Thread
2025-04-21 17:33:03,224 [INFO] ServerAccessManage:473 - Download File cube-finder-db.zip
2025-04-21 17:33:04,907 [INFO] WebApp:169 - Instantiating new browser for Auth
2025-04-21 17:33:05,591 [WARN] MainUpdater:1193 - Updater busy. Cannot search thirdparties
2025-04-21 17:33:05,599 [INFO] ThirdPartyUpdaterWithRetryManager:96 - Updater plugin is busy. [2/15]
2025-04-21 17:33:06,231 [INFO] WebApp:463 - Apply proxy settings
2025-04-21 17:33:06,257 [INFO] WebApp:508 - Chromium authenticates against Manually configured proxy
2025-04-21 17:33:06,319 [INFO] WebApp:516 - Username used for proxy authentication: 
2025-04-21 17:33:06,374 [INFO] WebApp:894 - Register for checkConnection events
2025-04-21 17:33:06,382 [INFO] WebApp:463 - Apply proxy settings
2025-04-21 17:33:06,403 [INFO] WebApp:508 - Chromium authenticates against Manually configured proxy
2025-04-21 17:33:06,420 [INFO] WebApp:516 - Username used for proxy authentication: 
2025-04-21 17:33:06,662 [INFO] WebApp:225 - Starting web application
2025-04-21 17:33:06,670 [INFO] WebApp:593 - Web application path used /Applications/STM32CubeIDE.app/Contents/Eclipse/plugins/com.st.stm32cube.common.mx_6.14.1.202504091515/db/plugins/mcufinder/reactClient1/index.html
2025-04-21 17:33:07,403 [INFO] WebApp:191 - Connection restablished
2025-04-21 17:33:08,605 [WARN] MainUpdater:1193 - Updater busy. Cannot search thirdparties
2025-04-21 17:33:08,606 [INFO] ThirdPartyUpdaterWithRetryManager:96 - Updater plugin is busy. [3/15]
2025-04-21 17:33:11,470 [INFO] FileExtend:242 - Unzip File : cube-finder-db.zip
2025-04-21 17:33:11,472 [INFO] FileExtend:257 - Standard Zip Deflate
2025-04-21 17:33:11,606 [WARN] MainUpdater:1193 - Updater busy. Cannot search thirdparties
2025-04-21 17:33:11,606 [INFO] ThirdPartyUpdaterWithRetryManager:96 - Updater plugin is busy. [4/15]
2025-04-21 17:33:12,435 [INFO] LoadUrlFilesThread:156 - End of LoadUrlFiles Thread
2025-04-21 17:33:14,009 [INFO] ServerAccessManage:473 - Download File crdb.zip
2025-04-21 17:33:14,610 [WARN] MainUpdater:1193 - Updater busy. Cannot search thirdparties
2025-04-21 17:33:14,611 [INFO] ThirdPartyUpdaterWithRetryManager:96 - Updater plugin is busy. [5/15]
2025-04-21 17:33:15,389 [INFO] FileExtend:242 - Unzip File : crdb.zip
2025-04-21 17:33:15,389 [INFO] FileExtend:257 - Standard Zip Deflate
2025-04-21 17:33:15,517 [INFO] LoadUrlFilesThread:156 - End of LoadUrlFiles Thread
2025-04-21 17:33:15,655 [INFO] ServerAccessManage:473 - Download File tutoVideoDB.zip
2025-04-21 17:33:15,666 [INFO] FileExtend:242 - Unzip File : tutoVideoDB.zip
2025-04-21 17:33:15,667 [INFO] FileExtend:257 - Standard Zip Deflate
2025-04-21 17:33:15,775 [INFO] LoadUrlFilesThread:156 - End of LoadUrlFiles Thread
2025-04-21 17:33:15,778 [WARN] DbFile:41 - Overriding database path with different value: /Users/himethaluthwala/.stmcufinder/plugins/mcufinder/ => /Users/himethaluthwala/.stmcufinder/plugins/mcufinder
2025-04-21 17:33:15,915 [INFO] ServerAccessManage:473 - Download File api_config.json
2025-04-21 17:33:16,020 [INFO] LoadUrlFilesThread:156 - End of LoadUrlFiles Thread
2025-04-21 17:33:16,022 [INFO] DbMcusAds:53 - JSON generation date=Fri Mar 07 01:54:22 AEDT 2025 (1741272862078)
2025-04-21 17:33:16,096 [INFO] ServerAccessManage:473 - Download File 
2025-04-21 17:33:16,125 [INFO] LoadUrlFilesThread:185 - End of LoadServerUrlFiles without Thread
2025-04-21 17:33:16,125 [INFO] TargetSelectorAdapter:259 - Refresh data is successful
2025-04-21 17:33:16,722 [INFO] ApiDb:581 - Connected to CubeFinder SQLite database (/Users/himethaluthwala/.stmcufinder/plugins/mcufinder/mcu/cube-finder-db.db)
2025-04-21 17:33:16,787 [INFO] ApiDb:668 - CubeFinder database Data Model version=2.1
2025-04-21 17:33:16,787 [INFO] ApiDb:669 - CubeFinder database Configuration version=3.0.39
2025-04-21 17:33:16,787 [INFO] ApiDb:670 - CubeFinder database generation date=2025-03-24 (1742811287)
2025-04-21 17:33:16,787 [INFO] ApiDb:671 - CubeFinder database FW Pack versions=[FP-ATR-ASTRA1_V2.0.0, FP-SNS-FLIGHT1_V5.0.2, FP-SNS-MOTENV1_V5.0.0, FP-SNS-MOTENVWB1_V1.4.0, FP-SNS-SMARTAG2_V1.2.0, FP-SNS-STBOX1_V2.0.0, STM32Cube_FW_C0_V1.4.0, STM32Cube_FW_F4_V1.28.1, STM32Cube_FW_F7_V1.17.2, STM32Cube_FW_G0_V1.6.2, STM32Cube_FW_G4_V1.6.1, STM32Cube_FW_H5_V1.5.0, STM32Cube_FW_H7RS_V1.2.0, STM32Cube_FW_H7_V1.12.1, STM32Cube_FW_L0_V1.12.2, STM32Cube_FW_L4_V1.18.1, STM32Cube_FW_L5_V1.5.1, STM32Cube_FW_N6_V1.1.0, STM32Cube_FW_U0_V1.2.0, STM32Cube_FW_U3_V1.1.0, STM32Cube_FW_U5_V1.7.0, STM32Cube_FW_WB0_V1.2.0, STM32Cube_FW_WBA_V1.6.0, STM32Cube_FW_WB_V1.22.0, STM32Cube_FW_WL3_V1.1.0, STM32Cube_FW_WL_V1.3.1, X-CUBE-ALGOBUILD_V1.4.0, X-CUBE-ALS_V1.0.2, X-CUBE-AZRTOS-F4_V1.1.0, X-CUBE-AZRTOS-F7_V1.1.0, X-CUBE-AZRTOS-G0_V1.1.0, X-CUBE-AZRTOS-G4_V2.0.0, X-CUBE-AZRTOS-H7RS_V1.0.0, X-CUBE-AZRTOS-H7_V3.3.0, X-CUBE-AZRTOS-L4_V2.0.0, X-CUBE-AZRTOS-L5_V2.0.0, X-CUBE-AZRTOS-WB_V2.0.0, X-CUBE-AZRTOS-WL_V2.0.0, X-CUBE-BLE1_V7.1.0, X-CUBE-BLE2_V3.3.0, X-CUBE-BLEMGR_V4.0.0, X-CUBE-EEPRMA1_V5.1.0, X-CUBE-FREERTOS_V1.3.0, X-CUBE-GNSS1_V6.0.0, X-CUBE-MEMS1_V11.1.0, X-CUBE-NFC4_V3.0.0, X-CUBE-NFC7_V1.0.1, X-CUBE-SFXS2LP1_V4.0.0, X-CUBE-SUBG2_V5.0.0, X-CUBE-TOF1_V3.4.2]
2025-04-21 17:33:17,749 [WARN] PackLoader:240 - Cannot read IP mode file for STMicroelectronics.FP-SNS-MOTENVWB1.1.4.0
2025-04-21 17:33:17,760 [WARN] PackLoader:240 - Cannot read IP mode file for STMicroelectronics.X-CUBE-AI.10.0.0
2025-04-21 17:33:17,766 [WARN] PackLoader:240 - Cannot read IP mode file for STMicroelectronics.FP-SNS-SMARTAG2.1.2.0
2025-04-21 17:33:17,772 [WARN] PackLoader:240 - Cannot read IP mode file for STMicroelectronics.FP-SNS-MOTENV1.5.0.0
2025-04-21 17:33:17,779 [WARN] PackLoader:240 - Cannot read IP mode file for STMicroelectronics.FP-ATR-SIGFOX1.3.2.0
2025-04-21 17:33:17,787 [WARN] PackLoader:240 - Cannot read IP mode file for STMicroelectronics.FP-SNS-STBOX1.2.0.0
2025-04-21 17:33:17,793 [INFO] ThirdParty:978 - Integrity check success = true
2025-04-21 17:33:17,793 [INFO] IntegrityCheckThread:100 - exiting critical section [integrity check]
2025-04-21 17:33:17,793 [INFO] IntegrityCheckThread:103 - End integrity checks thread
2025-04-21 17:33:19,037 [INFO] ApiDb:240 - Found 895 in-development CPN: [B-G473E-ZEST1S, B-WB1M-WPAN1, B-WBA5M-WPAN, B-WL5M-SUBG1, NUCLEO-C031C6, NUCLEO-C051C8, NUCLEO-C071RB, NUCLEO-C092RC, NUCLEO-H503RB, NUCLEO-H533RE, NUCLEO-H563ZI, NUCLEO-H7S3L8, NUCLEO-N657X0-Q, NUCLEO-U031R8, NUCLEO-U083RC, NUCLEO-U385RG-Q, NUCLEO-U545RE-Q, NUCLEO-U5A5ZJ-Q, NUCLEO-WB05KZ, NUCLEO-WB07CC, NUCLEO-WB09KE, NUCLEO-WBA52CG, NUCLEO-WBA55CG, NUCLEO-WBA65RI, NUCLEO-WL33CC1, NUCLEO-WL33CC2, STEVAL-PROTEUS1, STEVAL-SMARTAG2, STEVAL-STWINBX1, STM320518-EVAL, STM32C0116-DK, STM32C011D6Y3TR, STM32C011D6Y6TR, STM32C011F4P3, STM32C011F4P6, STM32C011F4U3, STM32C011F4U6TR, STM32C011F6P3, STM32C011F6P6, STM32C011F6U3, STM32C011F6U6TR, STM32C011J4M3, STM32C011J4M6, STM32C011J6M3, STM32C011J6M6, STM32C0316-DK, STM32C031C4T3, STM32C031C4T6, STM32C031C4U3, STM32C031C4U6, STM32C031C6T3, STM32C031C6T6, STM32C031C6U3, STM32C031C6U6, STM32C031F4P3, STM32C031F4P6, STM32C031F6P3, STM32C031F6P6, STM32C031G4U3, STM32C031G4U6, STM32C031G6U3, STM32C031G6U6, STM32C031K4T3, STM32C031K4T6, STM32C031K4U3, STM32C031K4U6, STM32C031K6T3, STM32C031K6T6, STM32C031K6U3, STM32C031K6U6, STM32C051C6T6, STM32C051C6U6, STM32C051C8T6, STM32C051C8U6, STM32C051D8Y6TR, STM32C051F6P6, STM32C051F8P6, STM32C051G6U6, STM32C051G8U6, STM32C051K6T6, STM32C051K6U6, STM32C051K8T6, STM32C071C8T6, STM32C071C8T6N, STM32C071C8U6, STM32C071C8U6N, STM32C071CBT6, STM32C071CBT6N, STM32C071CBU6, STM32C071CBU6N, STM32C071F8P6, STM32C071F8P6N, STM32C071FBP6, STM32C071FBP6N, STM32C071FBY6TR, STM32C071G8U6, STM32C071G8U6N, STM32C071GBU6, STM32C071GBU6N, STM32C071K8T6, STM32C071K8T6N, STM32C071K8U6, STM32C071K8U6N, STM32C071KBT6, STM32C071KBT6N, STM32C071KBU6, STM32C071KBU6N, STM32C071R8T6, STM32C071R8T6N, STM32C071RBI6N, STM32C071RBT6, STM32C071RBT6N, STM32C091CBT6, STM32C091CBU6, STM32C091CCT6, STM32C091CCU6, STM32C091ECY6TR, STM32C091FBP6, STM32C091FCP6, STM32C091GBU6, STM32C091GCU6, STM32C091KBT6, STM32C091KBU6, STM32C091KCT6, STM32C091KCU6, STM32C091RBT6, STM32C091RCI6, STM32C091RCT6, STM32C092CBT6, STM32C092CBU6, STM32C092CCT6, STM32C092CCU6, STM32C092ECY6TR, STM32C092FBP6, STM32C092FCP6, STM32C092GBU6, STM32C092GCU6, STM32C092KBT6, STM32C092KBU6, STM32C092KCT6, STM32C092KCU6, STM32C092RBT6, STM32C092RCI6, STM32C092RCT6, STM32G071K8TXN, STM32G071K8UXN, STM32G081GBU6N, STM32G081KBT6N, STM32G081KBUXN, STM32G0B1CCT6N, STM32G0B1KCT6, STM32G0B1NEY6TR, STM32G0B1RCT6N, STM32G0C1CCT6, STM32G0C1CCT6N, STM32G0C1CCU6N, STM32G0C1CET6N, STM32G0C1CEU6N, STM32G0C1KCT6, STM32G0C1NEY6TR, STM32G0C1RCI6N, STM32G0C1RCT6N, STM32G0C1REI6N, STM32G0C1RET6N, STM32G0C1VCI6, STM32G0C1VEI6, STM32G411C6T3, STM32G411C6T6, STM32G411C6U3, STM32G411C6U6, STM32G411C8T3, STM32G411C8T6, STM32G411C8U3, STM32G411C8U6, STM32G411CBT3, STM32G411CBT6, STM32G411CBU3, STM32G411CBU6, STM32G411CCT3, STM32G411CCT6, STM32G411CCU3, STM32G411CCU6, STM32G411K6T3, STM32G411K6T6, STM32G411K6U3, STM32G411K6U6, STM32G411K8T3, STM32G411K8T6, STM32G411K8U3, STM32G411K8U6, STM32G411KBT3, STM32G411KBT6, STM32G411KBU3, STM32G411KBU6, STM32G411M6T3, STM32G411M6T6, STM32G411M8T3, STM32G411M8T6, STM32G411MBT3, STM32G411MBT6, STM32G411MCT3, STM32G411MCT6, STM32G411R6T3, STM32G411R6T6, STM32G411R8T3, STM32G411R8T6, STM32G411RBT3, STM32G411RBT6, STM32G411RCT3, STM32G411RCT6, STM32G414CBT3, STM32G414CBT6, STM32G414CBU3, STM32G414CBU6, STM32G414CCT3, STM32G414CCT6, STM32G414CCU3, STM32G414CCU6, STM32G414MBT3, STM32G414MBT6, STM32G414MCT3, STM32G414MCT6, STM32G414RBT3, STM32G414RBT6, STM32G414RCT3, STM32G414RCT6, STM32G414VBT3, STM32G414VBT6, STM32G414VCT3, STM32G414VCT6, STM32G431CBT3Z, STM32G431RBT3Z, STM32G471CCT6, STM32G471CCU6, STM32G471CET3, STM32G471CET6, STM32G471CEU3, STM32G471CEU6, STM32G471MCT6, STM32G471MET3, STM32G471MET6, STM32G471MEY6TR, STM32G471QCT6, STM32G471QET3, STM32G471RCT6, STM32G471RET3, STM32G471RET6, STM32G471VCH6, STM32G471VCI6, STM32G471VCT6, STM32G471VEH3, STM32G471VEH6, STM32G471VEI3, STM32G471VEI6, STM32G471VET3, STM32G471VET6, STM32G473QET3Z, STM32G473RET3Z, STM32G474CCT6, STM32G491RET3Z, STM32H503CBT6, STM32H503CBU6, STM32H503EBY6TR, STM32H503KBU6, STM32H503RBT6, STM32H523CCT6, STM32H523CCU6, STM32H523CET6, STM32H523CEU6, STM32H523HEY6TR, STM32H523RCT6, STM32H523RET6, STM32H523VCI6, STM32H523VCT6, STM32H523VEI6, STM32H523VET6, STM32H523ZCJ6, STM32H523ZCT6, STM32H523ZEJ6, STM32H523ZET6, STM32H533CET6, STM32H533CEU6, STM32H533HEY6TR, STM32H533RET6, STM32H533VEI6, STM32H533VET6, STM32H533ZEJ6, STM32H533ZET6, STM32H562AGI6, STM32H562AII6, STM32H562IGK6, STM32H562IGT6, STM32H562IIK6, STM32H562IIT6, STM32H562RGT6, STM32H562RGV6, STM32H562RIT6, STM32H562RIV6, STM32H562VGT6, STM32H562VIT6, STM32H562ZGT6, STM32H562ZIT6, STM32H563AGI6, STM32H563AII3Q, STM32H563AII6, STM32H563IGK6, STM32H563IGT6, STM32H563IIK3Q, STM32H563IIK6, STM32H563IIT3Q, STM32H563IIT6, STM32H563MIY3QTR, STM32H563RGT6, STM32H563RGV6, STM32H563RIT6, STM32H563RIV6, STM32H563VGT6, STM32H563VIT3Q, STM32H563VIT6, STM32H563ZGT6, STM32H563ZIT3Q, STM32H563ZIT6, STM32H573AII3Q, STM32H573AII6, STM32H573I-DK, STM32H573IIK3Q, STM32H573IIK6, STM32H573IIT3Q, STM32H573IIT6, STM32H573MIY3QTR, STM32H573RIT6, STM32H573RIV6, STM32H573VIT3Q, STM32H573VIT6, STM32H573ZIT3Q, STM32H573ZIT6, STM32H7R3A8I6, STM32H7R3I8K6, STM32H7R3I8T6, STM32H7R3L8H6, STM32H7R3L8H6H, STM32H7R3R8V6, STM32H7R3V8H6, STM32H7R3V8T6, STM32H7R3V8Y6TR, STM32H7R3Z8J6, STM32H7R3Z8T6, STM32H7R7A8I6, STM32H7R7I8K6, STM32H7R7I8T6, STM32H7R7L8H6, STM32H7R7L8H6H, STM32H7R7Z8J6, STM32H7S3A8I6, STM32H7S3I8K6, STM32H7S3I8T6, STM32H7S3L8H6, STM32H7S3L8H6H, STM32H7S3R8V6, STM32H7S3V8H6, STM32H7S3V8T6, STM32H7S3V8Y6TR, STM32H7S3Z8J6, STM32H7S3Z8T6, STM32H7S78-DK, STM32H7S7A8I6, STM32H7S7I8K6, STM32H7S7I8T6, STM32H7S7L8H6, STM32H7S7L8H6H, STM32H7S7Z8J6, STM32L4R5QGI6STR, STM32MP131AAE3, STM32MP131AAF3, STM32MP131AAG3, STM32MP131CAE3, STM32MP131CAF3, STM32MP131CAG3, STM32MP131DAE7, STM32MP131DAF7, STM32MP131DAG7, STM32MP131FAE7, STM32MP131FAF7, STM32MP131FAG7, STM32MP133AAE3, STM32MP133AAF3, STM32MP133AAG3, STM32MP133CAE3, STM32MP133CAF3, STM32MP133CAG3, STM32MP133DAE7, STM32MP133DAF7, STM32MP133DAG7, STM32MP133FAE7, STM32MP133FAF7, STM32MP133FAG7, STM32MP135AAE3, STM32MP135AAF3, STM32MP135AAG3, STM32MP135CAE3, STM32MP135CAF3, STM32MP135CAG3, STM32MP135DAE7, STM32MP135DAF7, STM32MP135DAG7, STM32MP135F-DK, STM32MP135FAE7, STM32MP135FAF7, STM32MP135FAF7T, STM32MP135FAF7U, STM32MP135FAG7, STM32MP231AAJ3, STM32MP231AAK3, STM32MP231AAL3, STM32MP231CAJ3, STM32MP231CAK3, STM32MP231CAL3, STM32MP231DAJ3, STM32MP231DAK3, STM32MP231DAL3, STM32MP231FAJ3, STM32MP231FAK3, STM32MP231FAL3, STM32MP233AAJ3, STM32MP233AAK3, STM32MP233AAL3, STM32MP233CAJ3, STM32MP233CAK3, STM32MP233CAL3, STM32MP233DAJ3, STM32MP233DAK3, STM32MP233DAL3, STM32MP233FAJ3, STM32MP233FAK3, STM32MP233FAL3, STM32MP235AAJ3, STM32MP235AAK3, STM32MP235AAL3, STM32MP235CAJ3, STM32MP235CAK3, STM32MP235CAL3, STM32MP235DAJ3, STM32MP235DAK3, STM32MP235DAL3, STM32MP235FAJ3, STM32MP235FAK3, STM32MP235FAL3, STM32MP251AAI3, STM32MP251AAJ3, STM32MP251AAK3, STM32MP251AAL3, STM32MP251CAI3, STM32MP251CAJ3, STM32MP251CAK3, STM32MP251CAL3, STM32MP251DAI3, STM32MP251DAJ3, STM32MP251DAK3, STM32MP251DAL3, STM32MP251FAI3, STM32MP251FAJ3, STM32MP251FAK3, STM32MP251FAL3, STM32MP253AAI3, STM32MP253AAJ3, STM32MP253AAK3, STM32MP253AAL3, STM32MP253CAI3, STM32MP253CAJ3, STM32MP253CAK3, STM32MP253CAL3, STM32MP253DAI3, STM32MP253DAJ3, STM32MP253DAK3, STM32MP253DAL3, STM32MP253FAI3, STM32MP253FAJ3, STM32MP253FAK3, STM32MP253FAL3, STM32MP255AAI3, STM32MP255AAJ3, STM32MP255AAK3, STM32MP255AAL3, STM32MP255CAI3, STM32MP255CAJ3, STM32MP255CAK3, STM32MP255CAL3, STM32MP255DAI3, STM32MP255DAJ3, STM32MP255DAK3, STM32MP255DAL3, STM32MP255FAI3, STM32MP255FAJ3, STM32MP255FAK3, STM32MP255FAL3, STM32MP257AAI3, STM32MP257AAJ3, STM32MP257AAK3, STM32MP257AAL3, STM32MP257CAI3, STM32MP257CAJ3, STM32MP257CAK3, STM32MP257CAL3, STM32MP257DAI3, STM32MP257DAJ3, STM32MP257DAK3, STM32MP257DAL3, STM32MP257F-DK, STM32MP257F-EV1, STM32MP257FAI3, STM32MP257FAJ3, STM32MP257FAK3, STM32MP257FAL3, STM32N645A0H3Q, STM32N645B0H3Q, STM32N645I0H3Q, STM32N645L0H3Q, STM32N645X0H3Q, STM32N645Z0H3Q, STM32N647A0H3Q, STM32N647B0H3Q, STM32N647I0H3Q, STM32N647L0H3Q, STM32N647X0H3Q, STM32N647Z0H3Q, STM32N655A0H3Q, STM32N655B0H3Q, STM32N655I0H3Q, STM32N655L0H3Q, STM32N655X0H3Q, STM32N655Z0H3Q, STM32N6570-DK, STM32N657A0H3Q, STM32N657B0H3Q, STM32N657I0H3Q, STM32N657L0H3Q, STM32N657X0H3Q, STM32N657Z0H3Q, STM32U031C6T6, STM32U031C6U6, STM32U031C8T6, STM32U031C8U6, STM32U031F4P6, STM32U031F6P6, STM32U031F8P6, STM32U031G6Y6TR, STM32U031G8Y6TR, STM32U031K4U6, STM32U031K6U6, STM32U031K8U6, STM32U031R6I6, STM32U031R6T6, STM32U031R8I6, STM32U031R8T6, STM32U073C8T6, STM32U073C8U6, STM32U073CBT6, STM32U073CBU6, STM32U073CCT6, STM32U073CCU6, STM32U073H8Y6TR, STM32U073HBY6TR, STM32U073HCY6TR, STM32U073K8U6, STM32U073KBU6, STM32U073KCU6, STM32U073M8I6, STM32U073M8T6, STM32U073MBI6, STM32U073MBT6, STM32U073MCI6, STM32U073MCT6, STM32U073R8I6, STM32U073R8T6, STM32U073RBI6, STM32U073RBT6, STM32U073RCI6, STM32U073RCT6, STM32U083C-DK, STM32U083CCT6, STM32U083CCU6, STM32U083HCY6TR, STM32U083KCU6, STM32U083MCI6, STM32U083MCT6, STM32U083RCI6, STM32U083RCT6, STM32U375CET6, STM32U375CET6Q, STM32U375CEU6, STM32U375CEU6Q, STM32U375CEY6QTR, STM32U375CGT6, STM32U375CGT6Q, STM32U375CGU6, STM32U375CGU6Q, STM32U375CGY6QTR, STM32U375KEU6, STM32U375KGU6, STM32U375REI6, STM32U375REI6Q, STM32U375RET6, STM32U375RET6Q, STM32U375REY6GTR, STM32U375REY6QTR, STM32U375RGI6, STM32U375RGI6Q, STM32U375RGT6, STM32U375RGT6Q, STM32U375RGY6GTR, STM32U375RGY6QTR, STM32U375VEI6, STM32U375VEI6Q, STM32U375VET6, STM32U375VET6Q, STM32U375VGI6, STM32U375VGI6Q, STM32U375VGT6, STM32U375VGT6Q, STM32U385CGT6, STM32U385CGT6Q, STM32U385CGU6, STM32U385CGU6Q, STM32U385CGY6QTR, STM32U385KGU6, STM32U385RGI6, STM32U385RGI6Q, STM32U385RGT6, STM32U385RGT6Q, STM32U385RGY6GTR, STM32U385RGY6QTR, STM32U385VGI6, STM32U385VGI6Q, STM32U385VGT6, STM32U385VGT6Q, STM32U535CBT6, STM32U535CBT6Q, STM32U535CBU6, STM32U535CBU6Q, STM32U535CCT6, STM32U535CCT6Q, STM32U535CCU6, STM32U535CCU6Q, STM32U535CET6, STM32U535CET6Q, STM32U535CEU6, STM32U535CEU6Q, STM32U535JEY6QTR, STM32U535NCY6QTR, STM32U535NEY6QTR, STM32U535RBI6, STM32U535RBI6Q, STM32U535RBT6, STM32U535RBT6Q, STM32U535RCI6, STM32U535RCI6Q, STM32U535RCT6, STM32U535RCT6Q, STM32U535REI6, STM32U535REI6Q, STM32U535RET6, STM32U535RET6Q, STM32U535VCI6, STM32U535VCI6Q, STM32U535VCT6, STM32U535VCT6Q, STM32U535VEI6, STM32U535VEI6Q, STM32U535VET6, STM32U535VET6Q, STM32U545CET6, STM32U545CET6Q, STM32U545CEU6, STM32U545CEU6Q, STM32U545JEY6QTR, STM32U545NEY6QTR, STM32U545REI6, STM32U545REI6Q, STM32U545RET6, STM32U545RET6Q, STM32U545VEI6, STM32U545VEI6Q, STM32U545VET6, STM32U545VET6Q, STM32U595AIH6, STM32U595AIH6Q, STM32U595AJH6, STM32U595AJH6Q, STM32U595QII6, STM32U595QII6Q, STM32U595QJI6, STM32U595QJI6Q, STM32U595RIT6, STM32U595RIT6Q, STM32U595RJT6, STM32U595RJT6Q, STM32U595VIT6, STM32U595VIT6Q, STM32U595VJT6, STM32U595VJT6Q, STM32U595ZIT6, STM32U595ZIT6Q, STM32U595ZIY6QTR, STM32U595ZJT6, STM32U595ZJT6Q, STM32U595ZJY6QTR, STM32U599BJY6QTR, STM32U599NIH6Q, STM32U599NJH6Q, STM32U599VIT6Q, STM32U599VJT6, STM32U599VJT6Q, STM32U599ZIT6Q, STM32U599ZIY6QTR, STM32U599ZJT6Q, STM32U599ZJY6QTR, STM32U5A5AJH6, STM32U5A5AJH6Q, STM32U5A5QII3Q , STM32U5A5QJI6, STM32U5A5QJI6Q, STM32U5A5RJT6, STM32U5A5RJT6Q, STM32U5A5VJT6, STM32U5A5VJT6Q, STM32U5A5ZJT6, STM32U5A5ZJT6Q, STM32U5A5ZJY6QTR, STM32U5A9BJY6QTR, STM32U5A9J-DK, STM32U5A9NJH6Q, STM32U5A9VJT6Q, STM32U5A9ZJT6Q, STM32U5A9ZJY6QTR, STM32U5F7VIT6, STM32U5F7VIT6Q, STM32U5F7VJT6, STM32U5F7VJT6Q, STM32U5F9BJY6QTR, STM32U5F9NJH6Q, STM32U5F9VIT6Q, STM32U5F9VJT6Q, STM32U5F9ZIJ6QTR, STM32U5F9ZIT6Q, STM32U5F9ZJJ6QTR, STM32U5F9ZJT6Q, STM32U5G7VJT6, STM32U5G7VJT6Q, STM32U5G9BJY6QTR, STM32U5G9J-DK1, STM32U5G9J-DK2, STM32U5G9NJH6Q, STM32U5G9VJT6Q, STM32U5G9ZJJ6QTR, STM32U5G9ZJT6Q, STM32WB05KZV6TR, STM32WB05KZV7TR, STM32WB05TZF6TR, STM32WB05TZF7TR, STM32WB06CCF6TR, STM32WB06CCF7TR, STM32WB06CCV6TR, STM32WB06CCV7TR, STM32WB06KCV6TR, STM32WB06KCV7TR, STM32WB07CCF6TR, STM32WB07CCF7TR, STM32WB07CCV6TR, STM32WB07CCV7TR, STM32WB07KCV6TR, STM32WB07KCV7TR, STM32WB09KEV6TR, STM32WB09KEV7TR, STM32WB09TEF6TR, STM32WB09TEF7TR, STM32WB1MMCH6, STM32WBA50KGU6, STM32WBA50KGU6TR, STM32WBA52CEU6, STM32WBA52CEU6TR, STM32WBA52CEU7, STM32WBA52CEU7TR, STM32WBA52CGU6, STM32WBA52CGU6TR, STM32WBA52CGU6U, STM32WBA52CGU7, STM32WBA52CGU7TR, STM32WBA52KEU6, STM32WBA52KEU6TR, STM32WBA52KGU6, STM32WBA52KGU6TR, STM32WBA54CEU6, STM32WBA54CEU6TR, STM32WBA54CEU7, STM32WBA54CEU7TR, STM32WBA54CGU6, STM32WBA54CGU6TR, STM32WBA54CGU7, STM32WBA54CGU7TR, STM32WBA54KEU6, STM32WBA54KEU6TR, STM32WBA54KEU7, STM32WBA54KEU7TR, STM32WBA54KGU6, STM32WBA54KGU6TR, STM32WBA54KGU7, STM32WBA54KGU7TR, STM32WBA55CEU6, STM32WBA55CEU6TR, STM32WBA55CEU7, STM32WBA55CEU7TR, STM32WBA55CGU6, STM32WBA55CGU6TR, STM32WBA55CGU6U, STM32WBA55CGU7, STM32WBA55CGU7TR, STM32WBA55G-DK1, STM32WBA55HEF6, STM32WBA55HEF7, STM32WBA55HGF6, STM32WBA55HGF7, STM32WBA55UEI6, STM32WBA55UEI6TR, STM32WBA55UEI7, STM32WBA55UEI7TR, STM32WBA55UGI6, STM32WBA55UGI6TR, STM32WBA55UGI7, STM32WBA55UGI7TR, STM32WBA5MJGH6TR, STM32WBA62CGU6, STM32WBA62CIU6, STM32WBA62MGF6, STM32WBA62MIF6, STM32WBA62PGI6, STM32WBA62PII6, STM32WBA63CGU6, STM32WBA63CGU7, STM32WBA63CIU6, STM32WBA63CIU7, STM32WBA64CGU6, STM32WBA64CGU7, STM32WBA64CIU6, STM32WBA64CIU7, STM32WBA65CGU6, STM32WBA65CGU7, STM32WBA65CIU6, STM32WBA65CIU7, STM32WBA65I-DK1, STM32WBA65MGF6, STM32WBA65MGF7, STM32WBA65MIF6, STM32WBA65MIF7, STM32WBA65PGI6, STM32WBA65PGI7, STM32WBA65PII6, STM32WBA65PII7, STM32WBA65RGV6, STM32WBA65RGV7, STM32WBA65RIV6, STM32WBA65RIV7, STM32WL30K8V6, STM32WL30KBV6, STM32WL31C8V6, STM32WL31CBV6, STM32WL31K8V6, STM32WL31KBV6, STM32WL33C8V6, STM32WL33C8V6TR, STM32WL33C8V7, STM32WL33C8V7TR, STM32WL33CBV6, STM32WL33CBV6TR, STM32WL33CBV7, STM32WL33CBV7TR, STM32WL33CCV6, STM32WL33CCV6TR, STM32WL33CCV7, STM32WL33CCV7A, STM32WL33CCV7ATR, STM32WL33CCV7TR, STM32WL33K8V6, STM32WL33K8V6TR, STM32WL33K8V7, STM32WL33K8V7TR, STM32WL33KBV6, STM32WL33KBV6TR, STM32WL33KBV7, STM32WL33KBV7TR, STM32WL33KCV6, STM32WL33KCV6TR, STM32WL33KCV7, STM32WL33KCV7TR, STM32WL5MOCH6, STM32WL5MOCH6TR]
2025-04-21 17:33:19,044 [INFO] DbMcus:218 - Found 4686 MCUs, 4686 are supported
2025-04-21 17:33:19,045 [INFO] ApiDb:414 - User favorites file not found: /Users/himethaluthwala/.stm32cubeide/favorites.mcus.txt
2025-04-21 17:33:19,045 [INFO] DbMcus:224 - Set 0 / 0 favorites MCUs
2025-04-21 17:33:19,566 [INFO] ApiDb:668 - CubeFinder database Data Model version=2.1
2025-04-21 17:33:19,566 [INFO] ApiDb:669 - CubeFinder database Configuration version=3.0.39
2025-04-21 17:33:19,566 [INFO] ApiDb:670 - CubeFinder database generation date=2025-03-24 (1742811287)
2025-04-21 17:33:19,567 [INFO] ApiDb:671 - CubeFinder database FW Pack versions=[FP-ATR-ASTRA1_V2.0.0, FP-SNS-FLIGHT1_V5.0.2, FP-SNS-MOTENV1_V5.0.0, FP-SNS-MOTENVWB1_V1.4.0, FP-SNS-SMARTAG2_V1.2.0, FP-SNS-STBOX1_V2.0.0, STM32Cube_FW_C0_V1.4.0, STM32Cube_FW_F4_V1.28.1, STM32Cube_FW_F7_V1.17.2, STM32Cube_FW_G0_V1.6.2, STM32Cube_FW_G4_V1.6.1, STM32Cube_FW_H5_V1.5.0, STM32Cube_FW_H7RS_V1.2.0, STM32Cube_FW_H7_V1.12.1, STM32Cube_FW_L0_V1.12.2, STM32Cube_FW_L4_V1.18.1, STM32Cube_FW_L5_V1.5.1, STM32Cube_FW_N6_V1.1.0, STM32Cube_FW_U0_V1.2.0, STM32Cube_FW_U3_V1.1.0, STM32Cube_FW_U5_V1.7.0, STM32Cube_FW_WB0_V1.2.0, STM32Cube_FW_WBA_V1.6.0, STM32Cube_FW_WB_V1.22.0, STM32Cube_FW_WL3_V1.1.0, STM32Cube_FW_WL_V1.3.1, X-CUBE-ALGOBUILD_V1.4.0, X-CUBE-ALS_V1.0.2, X-CUBE-AZRTOS-F4_V1.1.0, X-CUBE-AZRTOS-F7_V1.1.0, X-CUBE-AZRTOS-G0_V1.1.0, X-CUBE-AZRTOS-G4_V2.0.0, X-CUBE-AZRTOS-H7RS_V1.0.0, X-CUBE-AZRTOS-H7_V3.3.0, X-CUBE-AZRTOS-L4_V2.0.0, X-CUBE-AZRTOS-L5_V2.0.0, X-CUBE-AZRTOS-WB_V2.0.0, X-CUBE-AZRTOS-WL_V2.0.0, X-CUBE-BLE1_V7.1.0, X-CUBE-BLE2_V3.3.0, X-CUBE-BLEMGR_V4.0.0, X-CUBE-EEPRMA1_V5.1.0, X-CUBE-FREERTOS_V1.3.0, X-CUBE-GNSS1_V6.0.0, X-CUBE-MEMS1_V11.1.0, X-CUBE-NFC4_V3.0.0, X-CUBE-NFC7_V1.0.1, X-CUBE-SFXS2LP1_V4.0.0, X-CUBE-SUBG2_V5.0.0, X-CUBE-TOF1_V3.4.2]
2025-04-21 17:33:19,613 [INFO] DbBoardsSqlite:226 - include board P-NUCLEO-WB55-NUCLEO as a kit item of type 'Nucleo-64'
2025-04-21 17:33:19,613 [INFO] DbBoardsSqlite:226 - include board P-NUCLEO-WB55-USBDONGLE as a kit item of type 'Nucleo USB Dongle'
2025-04-21 17:33:19,614 [INFO] DbBoardsSqlite:226 - include board STEVAL-IDP005V1 as a kit item of type 'Evaluation Board'
2025-04-21 17:33:19,614 [INFO] DbBoardsSqlite:226 - include board STEVAL-IDP005V2 as a kit item of type 'Evaluation Board'
2025-04-21 17:33:19,659 [INFO] ApiDb:240 - Found 895 in-development CPN: [B-G473E-ZEST1S, B-WB1M-WPAN1, B-WBA5M-WPAN, B-WL5M-SUBG1, NUCLEO-C031C6, NUCLEO-C051C8, NUCLEO-C071RB, NUCLEO-C092RC, NUCLEO-H503RB, NUCLEO-H533RE, NUCLEO-H563ZI, NUCLEO-H7S3L8, NUCLEO-N657X0-Q, NUCLEO-U031R8, NUCLEO-U083RC, NUCLEO-U385RG-Q, NUCLEO-U545RE-Q, NUCLEO-U5A5ZJ-Q, NUCLEO-WB05KZ, NUCLEO-WB07CC, NUCLEO-WB09KE, NUCLEO-WBA52CG, NUCLEO-WBA55CG, NUCLEO-WBA65RI, NUCLEO-WL33CC1, NUCLEO-WL33CC2, STEVAL-PROTEUS1, STEVAL-SMARTAG2, STEVAL-STWINBX1, STM320518-EVAL, STM32C0116-DK, STM32C011D6Y3TR, STM32C011D6Y6TR, STM32C011F4P3, STM32C011F4P6, STM32C011F4U3, STM32C011F4U6TR, STM32C011F6P3, STM32C011F6P6, STM32C011F6U3, STM32C011F6U6TR, STM32C011J4M3, STM32C011J4M6, STM32C011J6M3, STM32C011J6M6, STM32C0316-DK, STM32C031C4T3, STM32C031C4T6, STM32C031C4U3, STM32C031C4U6, STM32C031C6T3, STM32C031C6T6, STM32C031C6U3, STM32C031C6U6, STM32C031F4P3, STM32C031F4P6, STM32C031F6P3, STM32C031F6P6, STM32C031G4U3, STM32C031G4U6, STM32C031G6U3, STM32C031G6U6, STM32C031K4T3, STM32C031K4T6, STM32C031K4U3, STM32C031K4U6, STM32C031K6T3, STM32C031K6T6, STM32C031K6U3, STM32C031K6U6, STM32C051C6T6, STM32C051C6U6, STM32C051C8T6, STM32C051C8U6, STM32C051D8Y6TR, STM32C051F6P6, STM32C051F8P6, STM32C051G6U6, STM32C051G8U6, STM32C051K6T6, STM32C051K6U6, STM32C051K8T6, STM32C071C8T6, STM32C071C8T6N, STM32C071C8U6, STM32C071C8U6N, STM32C071CBT6, STM32C071CBT6N, STM32C071CBU6, STM32C071CBU6N, STM32C071F8P6, STM32C071F8P6N, STM32C071FBP6, STM32C071FBP6N, STM32C071FBY6TR, STM32C071G8U6, STM32C071G8U6N, STM32C071GBU6, STM32C071GBU6N, STM32C071K8T6, STM32C071K8T6N, STM32C071K8U6, STM32C071K8U6N, STM32C071KBT6, STM32C071KBT6N, STM32C071KBU6, STM32C071KBU6N, STM32C071R8T6, STM32C071R8T6N, STM32C071RBI6N, STM32C071RBT6, STM32C071RBT6N, STM32C091CBT6, STM32C091CBU6, STM32C091CCT6, STM32C091CCU6, STM32C091ECY6TR, STM32C091FBP6, STM32C091FCP6, STM32C091GBU6, STM32C091GCU6, STM32C091KBT6, STM32C091KBU6, STM32C091KCT6, STM32C091KCU6, STM32C091RBT6, STM32C091RCI6, STM32C091RCT6, STM32C092CBT6, STM32C092CBU6, STM32C092CCT6, STM32C092CCU6, STM32C092ECY6TR, STM32C092FBP6, STM32C092FCP6, STM32C092GBU6, STM32C092GCU6, STM32C092KBT6, STM32C092KBU6, STM32C092KCT6, STM32C092KCU6, STM32C092RBT6, STM32C092RCI6, STM32C092RCT6, STM32G071K8TXN, STM32G071K8UXN, STM32G081GBU6N, STM32G081KBT6N, STM32G081KBUXN, STM32G0B1CCT6N, STM32G0B1KCT6, STM32G0B1NEY6TR, STM32G0B1RCT6N, STM32G0C1CCT6, STM32G0C1CCT6N, STM32G0C1CCU6N, STM32G0C1CET6N, STM32G0C1CEU6N, STM32G0C1KCT6, STM32G0C1NEY6TR, STM32G0C1RCI6N, STM32G0C1RCT6N, STM32G0C1REI6N, STM32G0C1RET6N, STM32G0C1VCI6, STM32G0C1VEI6, STM32G411C6T3, STM32G411C6T6, STM32G411C6U3, STM32G411C6U6, STM32G411C8T3, STM32G411C8T6, STM32G411C8U3, STM32G411C8U6, STM32G411CBT3, STM32G411CBT6, STM32G411CBU3, STM32G411CBU6, STM32G411CCT3, STM32G411CCT6, STM32G411CCU3, STM32G411CCU6, STM32G411K6T3, STM32G411K6T6, STM32G411K6U3, STM32G411K6U6, STM32G411K8T3, STM32G411K8T6, STM32G411K8U3, STM32G411K8U6, STM32G411KBT3, STM32G411KBT6, STM32G411KBU3, STM32G411KBU6, STM32G411M6T3, STM32G411M6T6, STM32G411M8T3, STM32G411M8T6, STM32G411MBT3, STM32G411MBT6, STM32G411MCT3, STM32G411MCT6, STM32G411R6T3, STM32G411R6T6, STM32G411R8T3, STM32G411R8T6, STM32G411RBT3, STM32G411RBT6, STM32G411RCT3, STM32G411RCT6, STM32G414CBT3, STM32G414CBT6, STM32G414CBU3, STM32G414CBU6, STM32G414CCT3, STM32G414CCT6, STM32G414CCU3, STM32G414CCU6, STM32G414MBT3, STM32G414MBT6, STM32G414MCT3, STM32G414MCT6, STM32G414RBT3, STM32G414RBT6, STM32G414RCT3, STM32G414RCT6, STM32G414VBT3, STM32G414VBT6, STM32G414VCT3, STM32G414VCT6, STM32G431CBT3Z, STM32G431RBT3Z, STM32G471CCT6, STM32G471CCU6, STM32G471CET3, STM32G471CET6, STM32G471CEU3, STM32G471CEU6, STM32G471MCT6, STM32G471MET3, STM32G471MET6, STM32G471MEY6TR, STM32G471QCT6, STM32G471QET3, STM32G471RCT6, STM32G471RET3, STM32G471RET6, STM32G471VCH6, STM32G471VCI6, STM32G471VCT6, STM32G471VEH3, STM32G471VEH6, STM32G471VEI3, STM32G471VEI6, STM32G471VET3, STM32G471VET6, STM32G473QET3Z, STM32G473RET3Z, STM32G474CCT6, STM32G491RET3Z, STM32H503CBT6, STM32H503CBU6, STM32H503EBY6TR, STM32H503KBU6, STM32H503RBT6, STM32H523CCT6, STM32H523CCU6, STM32H523CET6, STM32H523CEU6, STM32H523HEY6TR, STM32H523RCT6, STM32H523RET6, STM32H523VCI6, STM32H523VCT6, STM32H523VEI6, STM32H523VET6, STM32H523ZCJ6, STM32H523ZCT6, STM32H523ZEJ6, STM32H523ZET6, STM32H533CET6, STM32H533CEU6, STM32H533HEY6TR, STM32H533RET6, STM32H533VEI6, STM32H533VET6, STM32H533ZEJ6, STM32H533ZET6, STM32H562AGI6, STM32H562AII6, STM32H562IGK6, STM32H562IGT6, STM32H562IIK6, STM32H562IIT6, STM32H562RGT6, STM32H562RGV6, STM32H562RIT6, STM32H562RIV6, STM32H562VGT6, STM32H562VIT6, STM32H562ZGT6, STM32H562ZIT6, STM32H563AGI6, STM32H563AII3Q, STM32H563AII6, STM32H563IGK6, STM32H563IGT6, STM32H563IIK3Q, STM32H563IIK6, STM32H563IIT3Q, STM32H563IIT6, STM32H563MIY3QTR, STM32H563RGT6, STM32H563RGV6, STM32H563RIT6, STM32H563RIV6, STM32H563VGT6, STM32H563VIT3Q, STM32H563VIT6, STM32H563ZGT6, STM32H563ZIT3Q, STM32H563ZIT6, STM32H573AII3Q, STM32H573AII6, STM32H573I-DK, STM32H573IIK3Q, STM32H573IIK6, STM32H573IIT3Q, STM32H573IIT6, STM32H573MIY3QTR, STM32H573RIT6, STM32H573RIV6, STM32H573VIT3Q, STM32H573VIT6, STM32H573ZIT3Q, STM32H573ZIT6, STM32H7R3A8I6, STM32H7R3I8K6, STM32H7R3I8T6, STM32H7R3L8H6, STM32H7R3L8H6H, STM32H7R3R8V6, STM32H7R3V8H6, STM32H7R3V8T6, STM32H7R3V8Y6TR, STM32H7R3Z8J6, STM32H7R3Z8T6, STM32H7R7A8I6, STM32H7R7I8K6, STM32H7R7I8T6, STM32H7R7L8H6, STM32H7R7L8H6H, STM32H7R7Z8J6, STM32H7S3A8I6, STM32H7S3I8K6, STM32H7S3I8T6, STM32H7S3L8H6, STM32H7S3L8H6H, STM32H7S3R8V6, STM32H7S3V8H6, STM32H7S3V8T6, STM32H7S3V8Y6TR, STM32H7S3Z8J6, STM32H7S3Z8T6, STM32H7S78-DK, STM32H7S7A8I6, STM32H7S7I8K6, STM32H7S7I8T6, STM32H7S7L8H6, STM32H7S7L8H6H, STM32H7S7Z8J6, STM32L4R5QGI6STR, STM32MP131AAE3, STM32MP131AAF3, STM32MP131AAG3, STM32MP131CAE3, STM32MP131CAF3, STM32MP131CAG3, STM32MP131DAE7, STM32MP131DAF7, STM32MP131DAG7, STM32MP131FAE7, STM32MP131FAF7, STM32MP131FAG7, STM32MP133AAE3, STM32MP133AAF3, STM32MP133AAG3, STM32MP133CAE3, STM32MP133CAF3, STM32MP133CAG3, STM32MP133DAE7, STM32MP133DAF7, STM32MP133DAG7, STM32MP133FAE7, STM32MP133FAF7, STM32MP133FAG7, STM32MP135AAE3, STM32MP135AAF3, STM32MP135AAG3, STM32MP135CAE3, STM32MP135CAF3, STM32MP135CAG3, STM32MP135DAE7, STM32MP135DAF7, STM32MP135DAG7, STM32MP135F-DK, STM32MP135FAE7, STM32MP135FAF7, STM32MP135FAF7T, STM32MP135FAF7U, STM32MP135FAG7, STM32MP231AAJ3, STM32MP231AAK3, STM32MP231AAL3, STM32MP231CAJ3, STM32MP231CAK3, STM32MP231CAL3, STM32MP231DAJ3, STM32MP231DAK3, STM32MP231DAL3, STM32MP231FAJ3, STM32MP231FAK3, STM32MP231FAL3, STM32MP233AAJ3, STM32MP233AAK3, STM32MP233AAL3, STM32MP233CAJ3, STM32MP233CAK3, STM32MP233CAL3, STM32MP233DAJ3, STM32MP233DAK3, STM32MP233DAL3, STM32MP233FAJ3, STM32MP233FAK3, STM32MP233FAL3, STM32MP235AAJ3, STM32MP235AAK3, STM32MP235AAL3, STM32MP235CAJ3, STM32MP235CAK3, STM32MP235CAL3, STM32MP235DAJ3, STM32MP235DAK3, STM32MP235DAL3, STM32MP235FAJ3, STM32MP235FAK3, STM32MP235FAL3, STM32MP251AAI3, STM32MP251AAJ3, STM32MP251AAK3, STM32MP251AAL3, STM32MP251CAI3, STM32MP251CAJ3, STM32MP251CAK3, STM32MP251CAL3, STM32MP251DAI3, STM32MP251DAJ3, STM32MP251DAK3, STM32MP251DAL3, STM32MP251FAI3, STM32MP251FAJ3, STM32MP251FAK3, STM32MP251FAL3, STM32MP253AAI3, STM32MP253AAJ3, STM32MP253AAK3, STM32MP253AAL3, STM32MP253CAI3, STM32MP253CAJ3, STM32MP253CAK3, STM32MP253CAL3, STM32MP253DAI3, STM32MP253DAJ3, STM32MP253DAK3, STM32MP253DAL3, STM32MP253FAI3, STM32MP253FAJ3, STM32MP253FAK3, STM32MP253FAL3, STM32MP255AAI3, STM32MP255AAJ3, STM32MP255AAK3, STM32MP255AAL3, STM32MP255CAI3, STM32MP255CAJ3, STM32MP255CAK3, STM32MP255CAL3, STM32MP255DAI3, STM32MP255DAJ3, STM32MP255DAK3, STM32MP255DAL3, STM32MP255FAI3, STM32MP255FAJ3, STM32MP255FAK3, STM32MP255FAL3, STM32MP257AAI3, STM32MP257AAJ3, STM32MP257AAK3, STM32MP257AAL3, STM32MP257CAI3, STM32MP257CAJ3, STM32MP257CAK3, STM32MP257CAL3, STM32MP257DAI3, STM32MP257DAJ3, STM32MP257DAK3, STM32MP257DAL3, STM32MP257F-DK, STM32MP257F-EV1, STM32MP257FAI3, STM32MP257FAJ3, STM32MP257FAK3, STM32MP257FAL3, STM32N645A0H3Q, STM32N645B0H3Q, STM32N645I0H3Q, STM32N645L0H3Q, STM32N645X0H3Q, STM32N645Z0H3Q, STM32N647A0H3Q, STM32N647B0H3Q, STM32N647I0H3Q, STM32N647L0H3Q, STM32N647X0H3Q, STM32N647Z0H3Q, STM32N655A0H3Q, STM32N655B0H3Q, STM32N655I0H3Q, STM32N655L0H3Q, STM32N655X0H3Q, STM32N655Z0H3Q, STM32N6570-DK, STM32N657A0H3Q, STM32N657B0H3Q, STM32N657I0H3Q, STM32N657L0H3Q, STM32N657X0H3Q, STM32N657Z0H3Q, STM32U031C6T6, STM32U031C6U6, STM32U031C8T6, STM32U031C8U6, STM32U031F4P6, STM32U031F6P6, STM32U031F8P6, STM32U031G6Y6TR, STM32U031G8Y6TR, STM32U031K4U6, STM32U031K6U6, STM32U031K8U6, STM32U031R6I6, STM32U031R6T6, STM32U031R8I6, STM32U031R8T6, STM32U073C8T6, STM32U073C8U6, STM32U073CBT6, STM32U073CBU6, STM32U073CCT6, STM32U073CCU6, STM32U073H8Y6TR, STM32U073HBY6TR, STM32U073HCY6TR, STM32U073K8U6, STM32U073KBU6, STM32U073KCU6, STM32U073M8I6, STM32U073M8T6, STM32U073MBI6, STM32U073MBT6, STM32U073MCI6, STM32U073MCT6, STM32U073R8I6, STM32U073R8T6, STM32U073RBI6, STM32U073RBT6, STM32U073RCI6, STM32U073RCT6, STM32U083C-DK, STM32U083CCT6, STM32U083CCU6, STM32U083HCY6TR, STM32U083KCU6, STM32U083MCI6, STM32U083MCT6, STM32U083RCI6, STM32U083RCT6, STM32U375CET6, STM32U375CET6Q, STM32U375CEU6, STM32U375CEU6Q, STM32U375CEY6QTR, STM32U375CGT6, STM32U375CGT6Q, STM32U375CGU6, STM32U375CGU6Q, STM32U375CGY6QTR, STM32U375KEU6, STM32U375KGU6, STM32U375REI6, STM32U375REI6Q, STM32U375RET6, STM32U375RET6Q, STM32U375REY6GTR, STM32U375REY6QTR, STM32U375RGI6, STM32U375RGI6Q, STM32U375RGT6, STM32U375RGT6Q, STM32U375RGY6GTR, STM32U375RGY6QTR, STM32U375VEI6, STM32U375VEI6Q, STM32U375VET6, STM32U375VET6Q, STM32U375VGI6, STM32U375VGI6Q, STM32U375VGT6, STM32U375VGT6Q, STM32U385CGT6, STM32U385CGT6Q, STM32U385CGU6, STM32U385CGU6Q, STM32U385CGY6QTR, STM32U385KGU6, STM32U385RGI6, STM32U385RGI6Q, STM32U385RGT6, STM32U385RGT6Q, STM32U385RGY6GTR, STM32U385RGY6QTR, STM32U385VGI6, STM32U385VGI6Q, STM32U385VGT6, STM32U385VGT6Q, STM32U535CBT6, STM32U535CBT6Q, STM32U535CBU6, STM32U535CBU6Q, STM32U535CCT6, STM32U535CCT6Q, STM32U535CCU6, STM32U535CCU6Q, STM32U535CET6, STM32U535CET6Q, STM32U535CEU6, STM32U535CEU6Q, STM32U535JEY6QTR, STM32U535NCY6QTR, STM32U535NEY6QTR, STM32U535RBI6, STM32U535RBI6Q, STM32U535RBT6, STM32U535RBT6Q, STM32U535RCI6, STM32U535RCI6Q, STM32U535RCT6, STM32U535RCT6Q, STM32U535REI6, STM32U535REI6Q, STM32U535RET6, STM32U535RET6Q, STM32U535VCI6, STM32U535VCI6Q, STM32U535VCT6, STM32U535VCT6Q, STM32U535VEI6, STM32U535VEI6Q, STM32U535VET6, STM32U535VET6Q, STM32U545CET6, STM32U545CET6Q, STM32U545CEU6, STM32U545CEU6Q, STM32U545JEY6QTR, STM32U545NEY6QTR, STM32U545REI6, STM32U545REI6Q, STM32U545RET6, STM32U545RET6Q, STM32U545VEI6, STM32U545VEI6Q, STM32U545VET6, STM32U545VET6Q, STM32U595AIH6, STM32U595AIH6Q, STM32U595AJH6, STM32U595AJH6Q, STM32U595QII6, STM32U595QII6Q, STM32U595QJI6, STM32U595QJI6Q, STM32U595RIT6, STM32U595RIT6Q, STM32U595RJT6, STM32U595RJT6Q, STM32U595VIT6, STM32U595VIT6Q, STM32U595VJT6, STM32U595VJT6Q, STM32U595ZIT6, STM32U595ZIT6Q, STM32U595ZIY6QTR, STM32U595ZJT6, STM32U595ZJT6Q, STM32U595ZJY6QTR, STM32U599BJY6QTR, STM32U599NIH6Q, STM32U599NJH6Q, STM32U599VIT6Q, STM32U599VJT6, STM32U599VJT6Q, STM32U599ZIT6Q, STM32U599ZIY6QTR, STM32U599ZJT6Q, STM32U599ZJY6QTR, STM32U5A5AJH6, STM32U5A5AJH6Q, STM32U5A5QII3Q , STM32U5A5QJI6, STM32U5A5QJI6Q, STM32U5A5RJT6, STM32U5A5RJT6Q, STM32U5A5VJT6, STM32U5A5VJT6Q, STM32U5A5ZJT6, STM32U5A5ZJT6Q, STM32U5A5ZJY6QTR, STM32U5A9BJY6QTR, STM32U5A9J-DK, STM32U5A9NJH6Q, STM32U5A9VJT6Q, STM32U5A9ZJT6Q, STM32U5A9ZJY6QTR, STM32U5F7VIT6, STM32U5F7VIT6Q, STM32U5F7VJT6, STM32U5F7VJT6Q, STM32U5F9BJY6QTR, STM32U5F9NJH6Q, STM32U5F9VIT6Q, STM32U5F9VJT6Q, STM32U5F9ZIJ6QTR, STM32U5F9ZIT6Q, STM32U5F9ZJJ6QTR, STM32U5F9ZJT6Q, STM32U5G7VJT6, STM32U5G7VJT6Q, STM32U5G9BJY6QTR, STM32U5G9J-DK1, STM32U5G9J-DK2, STM32U5G9NJH6Q, STM32U5G9VJT6Q, STM32U5G9ZJJ6QTR, STM32U5G9ZJT6Q, STM32WB05KZV6TR, STM32WB05KZV7TR, STM32WB05TZF6TR, STM32WB05TZF7TR, STM32WB06CCF6TR, STM32WB06CCF7TR, STM32WB06CCV6TR, STM32WB06CCV7TR, STM32WB06KCV6TR, STM32WB06KCV7TR, STM32WB07CCF6TR, STM32WB07CCF7TR, STM32WB07CCV6TR, STM32WB07CCV7TR, STM32WB07KCV6TR, STM32WB07KCV7TR, STM32WB09KEV6TR, STM32WB09KEV7TR, STM32WB09TEF6TR, STM32WB09TEF7TR, STM32WB1MMCH6, STM32WBA50KGU6, STM32WBA50KGU6TR, STM32WBA52CEU6, STM32WBA52CEU6TR, STM32WBA52CEU7, STM32WBA52CEU7TR, STM32WBA52CGU6, STM32WBA52CGU6TR, STM32WBA52CGU6U, STM32WBA52CGU7, STM32WBA52CGU7TR, STM32WBA52KEU6, STM32WBA52KEU6TR, STM32WBA52KGU6, STM32WBA52KGU6TR, STM32WBA54CEU6, STM32WBA54CEU6TR, STM32WBA54CEU7, STM32WBA54CEU7TR, STM32WBA54CGU6, STM32WBA54CGU6TR, STM32WBA54CGU7, STM32WBA54CGU7TR, STM32WBA54KEU6, STM32WBA54KEU6TR, STM32WBA54KEU7, STM32WBA54KEU7TR, STM32WBA54KGU6, STM32WBA54KGU6TR, STM32WBA54KGU7, STM32WBA54KGU7TR, STM32WBA55CEU6, STM32WBA55CEU6TR, STM32WBA55CEU7, STM32WBA55CEU7TR, STM32WBA55CGU6, STM32WBA55CGU6TR, STM32WBA55CGU6U, STM32WBA55CGU7, STM32WBA55CGU7TR, STM32WBA55G-DK1, STM32WBA55HEF6, STM32WBA55HEF7, STM32WBA55HGF6, STM32WBA55HGF7, STM32WBA55UEI6, STM32WBA55UEI6TR, STM32WBA55UEI7, STM32WBA55UEI7TR, STM32WBA55UGI6, STM32WBA55UGI6TR, STM32WBA55UGI7, STM32WBA55UGI7TR, STM32WBA5MJGH6TR, STM32WBA62CGU6, STM32WBA62CIU6, STM32WBA62MGF6, STM32WBA62MIF6, STM32WBA62PGI6, STM32WBA62PII6, STM32WBA63CGU6, STM32WBA63CGU7, STM32WBA63CIU6, STM32WBA63CIU7, STM32WBA64CGU6, STM32WBA64CGU7, STM32WBA64CIU6, STM32WBA64CIU7, STM32WBA65CGU6, STM32WBA65CGU7, STM32WBA65CIU6, STM32WBA65CIU7, STM32WBA65I-DK1, STM32WBA65MGF6, STM32WBA65MGF7, STM32WBA65MIF6, STM32WBA65MIF7, STM32WBA65PGI6, STM32WBA65PGI7, STM32WBA65PII6, STM32WBA65PII7, STM32WBA65RGV6, STM32WBA65RGV7, STM32WBA65RIV6, STM32WBA65RIV7, STM32WL30K8V6, STM32WL30KBV6, STM32WL31C8V6, STM32WL31CBV6, STM32WL31K8V6, STM32WL31KBV6, STM32WL33C8V6, STM32WL33C8V6TR, STM32WL33C8V7, STM32WL33C8V7TR, STM32WL33CBV6, STM32WL33CBV6TR, STM32WL33CBV7, STM32WL33CBV7TR, STM32WL33CCV6, STM32WL33CCV6TR, STM32WL33CCV7, STM32WL33CCV7A, STM32WL33CCV7ATR, STM32WL33CCV7TR, STM32WL33K8V6, STM32WL33K8V6TR, STM32WL33K8V7, STM32WL33K8V7TR, STM32WL33KBV6, STM32WL33KBV6TR, STM32WL33KBV7, STM32WL33KBV7TR, STM32WL33KCV6, STM32WL33KCV6TR, STM32WL33KCV7, STM32WL33KCV7TR, STM32WL5MOCH6, STM32WL5MOCH6TR]
2025-04-21 17:33:19,904 [INFO] BoardInfo:889 - No configuration file found for board P-NUCLEO-WB55
2025-04-21 17:33:19,904 [INFO] DbBoards:161 - Kit is not supported: P-NUCLEO-WB55
2025-04-21 17:33:19,911 [INFO] BoardInfo:889 - No configuration file found for board STEVAL-BFA001V1B
2025-04-21 17:33:19,912 [INFO] DbBoards:161 - Kit is not supported: STEVAL-BFA001V1B
2025-04-21 17:33:19,914 [INFO] BoardInfo:889 - No configuration file found for board STEVAL-BFA001V2B
2025-04-21 17:33:19,914 [INFO] DbBoards:161 - Kit is not supported: STEVAL-BFA001V2B
2025-04-21 17:33:20,125 [INFO] DbBoards:168 - Found 211 boards, 208 are supported
2025-04-21 17:33:20,126 [INFO] DbBoards:169 - Found 211 boards, 43 of them is supported for  Bsp
2025-04-21 17:33:20,129 [INFO] ApiDb:414 - User favorites file not found: /Users/himethaluthwala/.stm32cubeide/favorites.boards.txt
2025-04-21 17:33:20,129 [INFO] DbBoards:198 - Set 0 / 0 favorites Boards
2025-04-21 17:33:20,131 [INFO] ApiDb:668 - CubeFinder database Data Model version=2.1
2025-04-21 17:33:20,132 [INFO] ApiDb:669 - CubeFinder database Configuration version=3.0.39
2025-04-21 17:33:20,132 [INFO] ApiDb:670 - CubeFinder database generation date=2025-03-24 (1742811287)
2025-04-21 17:33:20,132 [INFO] ApiDb:671 - CubeFinder database FW Pack versions=[FP-ATR-ASTRA1_V2.0.0, FP-SNS-FLIGHT1_V5.0.2, FP-SNS-MOTENV1_V5.0.0, FP-SNS-MOTENVWB1_V1.4.0, FP-SNS-SMARTAG2_V1.2.0, FP-SNS-STBOX1_V2.0.0, STM32Cube_FW_C0_V1.4.0, STM32Cube_FW_F4_V1.28.1, STM32Cube_FW_F7_V1.17.2, STM32Cube_FW_G0_V1.6.2, STM32Cube_FW_G4_V1.6.1, STM32Cube_FW_H5_V1.5.0, STM32Cube_FW_H7RS_V1.2.0, STM32Cube_FW_H7_V1.12.1, STM32Cube_FW_L0_V1.12.2, STM32Cube_FW_L4_V1.18.1, STM32Cube_FW_L5_V1.5.1, STM32Cube_FW_N6_V1.1.0, STM32Cube_FW_U0_V1.2.0, STM32Cube_FW_U3_V1.1.0, STM32Cube_FW_U5_V1.7.0, STM32Cube_FW_WB0_V1.2.0, STM32Cube_FW_WBA_V1.6.0, STM32Cube_FW_WB_V1.22.0, STM32Cube_FW_WL3_V1.1.0, STM32Cube_FW_WL_V1.3.1, X-CUBE-ALGOBUILD_V1.4.0, X-CUBE-ALS_V1.0.2, X-CUBE-AZRTOS-F4_V1.1.0, X-CUBE-AZRTOS-F7_V1.1.0, X-CUBE-AZRTOS-G0_V1.1.0, X-CUBE-AZRTOS-G4_V2.0.0, X-CUBE-AZRTOS-H7RS_V1.0.0, X-CUBE-AZRTOS-H7_V3.3.0, X-CUBE-AZRTOS-L4_V2.0.0, X-CUBE-AZRTOS-L5_V2.0.0, X-CUBE-AZRTOS-WB_V2.0.0, X-CUBE-AZRTOS-WL_V2.0.0, X-CUBE-BLE1_V7.1.0, X-CUBE-BLE2_V3.3.0, X-CUBE-BLEMGR_V4.0.0, X-CUBE-EEPRMA1_V5.1.0, X-CUBE-FREERTOS_V1.3.0, X-CUBE-GNSS1_V6.0.0, X-CUBE-MEMS1_V11.1.0, X-CUBE-NFC4_V3.0.0, X-CUBE-NFC7_V1.0.1, X-CUBE-SFXS2LP1_V4.0.0, X-CUBE-SUBG2_V5.0.0, X-CUBE-TOF1_V3.4.2]
2025-04-21 17:33:20,841 [ERROR] DbExamplesSqlite:437 - Missing JSON key: board_cpn
2025-04-21 17:33:20,841 [ERROR] DbExamplesSqlite:437 - Missing JSON key: board_cpn
2025-04-21 17:33:20,841 [ERROR] DbExamplesSqlite:437 - Missing JSON key: board_cpn
2025-04-21 17:33:20,841 [ERROR] DbExamplesSqlite:437 - Missing JSON key: board_cpn
2025-04-21 17:33:20,971 [ERROR] DbExamplesSqlite:437 - Missing JSON key: board_cpn
2025-04-21 17:33:20,971 [ERROR] DbExamplesSqlite:437 - Missing JSON key: board_cpn
2025-04-21 17:33:20,971 [ERROR] DbExamplesSqlite:437 - Missing JSON key: board_cpn
2025-04-21 17:33:20,971 [ERROR] DbExamplesSqlite:437 - Missing JSON key: board_cpn
2025-04-21 17:33:20,972 [ERROR] DbExamplesSqlite:437 - Missing JSON key: board_cpn
2025-04-21 17:33:20,972 [ERROR] DbExamplesSqlite:437 - Missing JSON key: board_cpn
2025-04-21 17:33:20,972 [ERROR] DbExamplesSqlite:437 - Missing JSON key: board_cpn
2025-04-21 17:33:20,972 [ERROR] DbExamplesSqlite:437 - Missing JSON key: board_cpn
2025-04-21 17:33:20,972 [ERROR] DbExamplesSqlite:437 - Missing JSON key: board_cpn
2025-04-21 17:33:21,137 [ERROR] DbExamplesSqlite:437 - Missing JSON key: board_cpn
2025-04-21 17:33:21,147 [INFO] DbExamplesSqlite:395 - Ignored 46 examples not supported by CubeIDE
2025-04-21 17:33:21,147 [INFO] DbExamplesSqlite:396 - Found 10814 examples active
2025-04-21 17:33:21,147 [INFO] DbExamplesSqlite:397 - Found 0 examples obsolete
2025-04-21 17:33:21,147 [INFO] DbExamplesSqlite:398 - Found 0 examples under development
2025-04-21 17:33:21,148 [INFO] DbExamplesSqlite:399 - Found 79 examples not building
2025-04-21 17:33:21,150 [INFO] DbExamples:125 - Found 10847 examples
2025-04-21 17:33:21,168 [ERROR] DbExamples:208 - Found 3 examples with invalid data (board or MCU)
2025-04-21 17:33:21,168 [INFO] DbExamples:222 - Found 134 boards with related examples
2025-04-21 17:33:21,169 [INFO] DbExamples:235 - Found 110 MCUs with related examples
2025-04-21 17:33:21,188 [INFO] ApiDb:414 - User favorites file not found: /Users/himethaluthwala/.stm32cubeide/favorites.examples.txt
2025-04-21 17:33:21,188 [INFO] DbExamples:250 - Set 0 / 0 favorites Examples
2025-04-21 17:33:21,684 [INFO] McuFinderGlobals:76 - Set McuFinderConnectedMode to true
2025-04-21 17:33:21,690 [INFO] MultiScanPanel:200 - Auto-refresh data requested => check proxy status ongoing
2025-04-21 17:33:21,693 [INFO] FinderPluginLoader:95 - Searching for filters in installed packs
2025-04-21 17:33:23,452 [INFO] LoadUrlFilesThread:185 - End of LoadServerUrlFiles without Thread
2025-04-21 17:33:23,508 [INFO] DetailPanel:341 - Set advertising image to /Users/himethaluthwala/STM32Cube/Repository//en.prom-stm32u3-mcu-finder.jpg
2025-04-21 17:33:37,864 [INFO] MultiScanPanel:200 - Auto-refresh data requested => check proxy status ongoing
2025-04-21 17:33:38,022 [INFO] LoadUrlFilesThread:185 - End of LoadServerUrlFiles without Thread
2025-04-21 17:33:38,022 [INFO] DetailPanel:341 - Set advertising image to /Users/himethaluthwala/STM32Cube/Repository//en.prom-stm32u3-mcu-finder.jpg
2025-04-21 17:33:38,036 [INFO] DbBoards:642 - Loading board mini-images...
2025-04-21 17:33:38,364 [ERROR] DbBoards:659 - Image file not found for board B-WBA5M-WPAN: /Users/himethaluthwala/.stmcufinder/plugins/mcufinder//mcu//boards_images/B-WBA5M-WPAN.jpg
2025-04-21 17:33:43,425 [INFO] DbBoards:665 - Loaded 210 board mini-images
2025-04-21 17:34:13,449 [INFO] MetaSearchPanel:254 - search for filter with key=STM32F4
2025-04-21 17:34:13,449 [INFO] MetaSearchPanel:355 - search for filter component McuSeries
2025-04-21 17:34:13,450 [INFO] MetaSearchPanel:329 - Collapse all filters sections
2025-04-21 17:36:18,175 [INFO] McuFinderGlobals:76 - Set McuFinderConnectedMode to true
2025-04-21 17:36:18,192 [INFO] ApiDb:448 - Save user favorites file /Users/himethaluthwala/.stm32cubeide/favorites.mcus.txt: 0 item(s)
2025-04-21 17:36:18,193 [INFO] ApiDb:452 - User favorites MCUs=[]
2025-04-21 17:36:18,199 [INFO] ApiDb:448 - Save user favorites file /Users/himethaluthwala/.stm32cubeide/favorites.boards.txt: 0 item(s)
2025-04-21 17:36:18,199 [INFO] ApiDb:452 - User favorites Boards=[]
2025-04-21 18:04:19,327 [INFO] WebApp:194 - Connection lost
2025-04-21 18:04:19,825 [INFO] WebApp:191 - Connection restablished
2025-04-21 18:21:14,081 [ERROR] LogOutputStream:75 - [STDERR_REDIRECT] 
