2025-07-24 20:44:40,255 [INFO] Activator:176 - 


2025-07-24 20:44:40,263 [INFO] Activator:177 - !SESSION log4j initialized
2025-07-24 20:44:46,222 [ERROR] LogOutputStream:75 - [STDERR_REDIRECT] 
2025-07-24 20:44:46,760 [INFO] LogOutputStream:77 - [STDOUT_REDIRECT] 
2025-07-24 20:44:49,043 [INFO] LogOutputStream:77 - [STDOUT_REDIRECT] 
2025-07-24 20:44:50,533 [INFO] ApplicationProperties:184 - Using Application install path: /Applications/STM32CubeIDE.app/Contents/Eclipse/plugins/com.st.stm32cube.common.mx_6.14.1.202504091515
2025-07-24 20:44:50,561 [INFO] DbMcusXml:78 - Set database path to: /Applications/STM32CubeIDE.app/Contents/Eclipse/plugins/com.st.stm32cube.common.mx_6.14.1.202504091515//db//mcu/
2025-07-24 20:44:50,561 [INFO] ApiDb:274 - Set plugin database path to: /Applications/STM32CubeIDE.app/Contents/Eclipse/plugins/com.st.stm32cube.common.mx_6.14.1.202504091515//db//plugins/boardmanager/
2025-07-24 20:44:50,562 [WARN] ApiDb:259 - Overriding images path with different value:  => /Applications/STM32CubeIDE.app/Contents/Eclipse/plugins/com.st.stm32cube.common.mx_6.14.1.202504091515//db//plugins/mcufinder/images/
2025-07-24 20:44:50,571 [INFO] ApiDb:250 - Set database path to: /Users/himethaluthwala/.stmcufinder/plugins/mcufinder//mcu/
2025-07-24 20:44:50,573 [INFO] DbMcusAds:125 - Set database path to: /Users/himethaluthwala/.stmcufinder/plugins/mcufinder//mcu/
2025-07-24 20:44:50,576 [INFO] CrossReferenceDbSqlite:203 - Set database path to: /Users/himethaluthwala/.stmcufinder/plugins/mcufinder//mcu/cs/
2025-07-24 20:44:50,738 [INFO] RulesReader:64 - Compatibility file has been processed (302 Rules)
2025-07-24 20:44:50,877 [INFO] DbMcusXml:78 - Set database path to: /Applications/STM32CubeIDE.app/Contents/Eclipse/plugins/com.st.stm32cube.common.mx_6.14.1.202504091515//db//mcu/
2025-07-24 20:44:50,877 [INFO] ApiDb:274 - Set plugin database path to: /Applications/STM32CubeIDE.app/Contents/Eclipse/plugins/com.st.stm32cube.common.mx_6.14.1.202504091515//db//plugins/boardmanager/
2025-07-24 20:44:50,877 [INFO] ApiDb:261 - Set plugin images path to: /Applications/STM32CubeIDE.app/Contents/Eclipse/plugins/com.st.stm32cube.common.mx_6.14.1.202504091515//db//plugins/mcufinder/images/
2025-07-24 20:44:50,877 [WARN] DbFile:41 - Overriding database path with different value: /Users/himethaluthwala/.stmcufinder/plugins/mcufinder/ => /Users/himethaluthwala/.stmcufinder/plugins/mcufinder
2025-07-24 20:44:50,878 [INFO] ApiDb:250 - Set database path to: /Users/himethaluthwala/.stmcufinder/plugins/mcufinder//mcu/
2025-07-24 20:44:50,878 [WARN] DbFile:41 - Overriding database path with different value: /Users/himethaluthwala/.stmcufinder/plugins/mcufinder/ => /Users/himethaluthwala/.stmcufinder/plugins/mcufinder
2025-07-24 20:44:50,878 [INFO] DbMcusAds:125 - Set database path to: /Users/himethaluthwala/.stmcufinder/plugins/mcufinder//mcu/
2025-07-24 20:44:50,878 [WARN] DbFile:41 - Overriding database path with different value: /Users/himethaluthwala/.stmcufinder/plugins/mcufinder/ => /Users/himethaluthwala/.stmcufinder/plugins/mcufinder
2025-07-24 20:44:50,879 [WARN] DbFile:41 - Overriding database path with different value: /Users/himethaluthwala/.stmcufinder/plugins/mcufinder/ => /Users/himethaluthwala/.stmcufinder/plugins/mcufinder
2025-07-24 20:44:50,879 [INFO] CrossReferenceDbSqlite:203 - Set database path to: /Users/himethaluthwala/.stmcufinder/plugins/mcufinder//mcu/cs/
2025-07-24 20:44:50,990 [INFO] MainPanel:272 - HeapMemory: 268435456
2025-07-24 20:44:52,285 [INFO] DbMcusXml:78 - Set database path to: /Applications/STM32CubeIDE.app/Contents/Eclipse/plugins/com.st.stm32cube.common.mx_6.14.1.202504091515//db//mcu/
2025-07-24 20:44:52,285 [INFO] ApiDb:274 - Set plugin database path to: /Applications/STM32CubeIDE.app/Contents/Eclipse/plugins/com.st.stm32cube.common.mx_6.14.1.202504091515//db//plugins/boardmanager/
2025-07-24 20:44:52,285 [INFO] ApiDb:261 - Set plugin images path to: /Applications/STM32CubeIDE.app/Contents/Eclipse/plugins/com.st.stm32cube.common.mx_6.14.1.202504091515//db//plugins/mcufinder/images/
2025-07-24 20:44:52,286 [WARN] DbFile:41 - Overriding database path with different value: /Users/himethaluthwala/.stmcufinder/plugins/mcufinder/ => /Users/himethaluthwala/.stmcufinder/plugins/mcufinder
2025-07-24 20:44:52,286 [INFO] ApiDb:250 - Set database path to: /Users/himethaluthwala/.stmcufinder/plugins/mcufinder//mcu/
2025-07-24 20:44:52,286 [WARN] DbFile:41 - Overriding database path with different value: /Users/himethaluthwala/.stmcufinder/plugins/mcufinder/ => /Users/himethaluthwala/.stmcufinder/plugins/mcufinder
2025-07-24 20:44:52,286 [INFO] DbMcusAds:125 - Set database path to: /Users/himethaluthwala/.stmcufinder/plugins/mcufinder//mcu/
2025-07-24 20:44:52,286 [WARN] DbFile:41 - Overriding database path with different value: /Users/himethaluthwala/.stmcufinder/plugins/mcufinder/ => /Users/himethaluthwala/.stmcufinder/plugins/mcufinder
2025-07-24 20:44:52,286 [WARN] DbFile:41 - Overriding database path with different value: /Users/himethaluthwala/.stmcufinder/plugins/mcufinder/ => /Users/himethaluthwala/.stmcufinder/plugins/mcufinder
2025-07-24 20:44:52,286 [INFO] CrossReferenceDbSqlite:203 - Set database path to: /Users/himethaluthwala/.stmcufinder/plugins/mcufinder//mcu/cs/
2025-07-24 20:44:52,309 [INFO] ApplicationProperties:184 - Using Application install path: /Applications/STM32CubeIDE.app/Contents/Eclipse/plugins/com.st.stm32cube.common.mx_6.14.1.202504091515
2025-07-24 20:44:52,310 [INFO] PluginManage:196 - Search for loadable plugins [exclusion list=, ]
2025-07-24 20:44:52,312 [INFO] PluginManage:310 - Check plugin analytics
2025-07-24 20:44:52,530 [INFO] AnalyticsPlugin:253 - Accepted Software Licenses: 
2025-07-24 20:44:52,531 [INFO] AnalyticsPlugin:255 - Accepted CMSIS Pack Licenses: 
2025-07-24 20:44:52,531 [INFO] AnalyticsPlugin:257 - Accepted Firmware Licenses: 
2025-07-24 20:44:52,534 [INFO] PluginManage:359 - Loaded plugin analytics (category:tool,tabindex:-1)
2025-07-24 20:44:52,534 [INFO] PluginManage:310 - Check plugin cadmodel
2025-07-24 20:44:52,541 [INFO] CADModel:105 - Init CAD model plugin
2025-07-24 20:44:52,542 [INFO] PluginManage:359 - Loaded plugin cadmodel (category:power,tabindex:5)
2025-07-24 20:44:52,542 [INFO] PluginManage:310 - Check plugin clock
2025-07-24 20:44:52,555 [INFO] PluginManage:359 - Loaded plugin clock (category:base,tabindex:2)
2025-07-24 20:44:52,555 [INFO] PluginManage:310 - Check plugin ddr
2025-07-24 20:44:52,559 [INFO] PluginManage:359 - Loaded plugin ddr (category:tool,tabindex:6)
2025-07-24 20:44:52,559 [INFO] PluginManage:310 - Check plugin filemanager
2025-07-24 20:44:52,743 [INFO] PluginManage:359 - Loaded plugin filemanager (category:base,tabindex:10)
2025-07-24 20:44:52,743 [INFO] PluginManage:310 - Check plugin ipmanager
2025-07-24 20:44:52,751 [INFO] PluginManage:359 - Loaded plugin ipmanager (category:base,tabindex:5)
2025-07-24 20:44:52,752 [INFO] PluginManage:310 - Check plugin lpbam
2025-07-24 20:44:52,763 [INFO] PluginManage:359 - Loaded plugin lpbam (category:base,tabindex:0)
2025-07-24 20:44:52,763 [INFO] PluginManage:310 - Check plugin memorymap
2025-07-24 20:44:52,780 [INFO] PluginManage:359 - Loaded plugin memorymap (category:base,tabindex:4)
2025-07-24 20:44:52,780 [INFO] PluginManage:310 - Check plugin pinoutandconfiguration
2025-07-24 20:44:52,790 [INFO] PluginManage:359 - Loaded plugin pinoutandconfiguration (category:base,tabindex:1)
2025-07-24 20:44:52,790 [INFO] PluginManage:310 - Check plugin pinoutconfig
2025-07-24 20:44:52,905 [WARN] SupportedApi:132 - Cannot load RTOS API schema: s4s-elt-must-match.1: The content of 'definitions' must match (annotation?, (simpleType | complexType)?, (unique | key | keyref)*)). A problem was found starting at: attribute.
2025-07-24 20:44:53,075 [INFO] PluginManage:359 - Loaded plugin pinoutconfig (category:base,tabindex:0)
2025-07-24 20:44:53,075 [INFO] PluginManage:310 - Check plugin power
2025-07-24 20:44:53,087 [INFO] PluginManage:359 - Loaded plugin power (category:power,tabindex:4)
2025-07-24 20:44:53,087 [INFO] PluginManage:310 - Check plugin projectmanager
2025-07-24 20:44:53,105 [INFO] PluginManage:359 - Loaded plugin projectmanager (category:projectmanager,tabindex:4)
2025-07-24 20:44:53,105 [INFO] PluginManage:310 - Check plugin rif
2025-07-24 20:44:53,115 [INFO] PluginManage:359 - Loaded plugin rif (category:base,tabindex:3)
2025-07-24 20:44:53,115 [INFO] PluginManage:310 - Check plugin thirdparty
2025-07-24 20:44:53,242 [INFO] PluginManage:359 - Loaded plugin thirdparty (category:base,tabindex:-1)
2025-07-24 20:44:53,242 [WARN] IntegrityCheckThread:84 - waiting for thirdparty lock release [integrity check]
2025-07-24 20:44:53,242 [INFO] PluginManage:310 - Check plugin tools
2025-07-24 20:44:53,242 [INFO] IntegrityCheckThread:86 - entering critical section [integrity check]
2025-07-24 20:44:53,242 [INFO] ThirdPartyUpdaterWithRetryManager:70 - Updater plugin not ready yet. [1/15]
2025-07-24 20:44:53,245 [INFO] PluginManage:359 - Loaded plugin tools (category:base,tabindex:7)
2025-07-24 20:44:53,245 [INFO] PluginManage:310 - Check plugin tutovideos
2025-07-24 20:44:53,478 [INFO] PluginManage:359 - Loaded plugin tutovideos (category:base,tabindex:-1)
2025-07-24 20:44:53,479 [INFO] PluginManage:310 - Check plugin updater
2025-07-24 20:44:53,504 [INFO] PluginManage:359 - Loaded plugin updater (category:base,tabindex:12)
2025-07-24 20:44:53,504 [INFO] PluginManage:310 - Check plugin userauth
2025-07-24 20:44:53,510 [INFO] UserAuth:118 - Init User Auth plugin
2025-07-24 20:44:53,511 [INFO] PluginManage:359 - Loaded plugin userauth (category:base,tabindex:14)
2025-07-24 20:44:53,511 [INFO] PluginManage:283 - PluginManage : Loaded plugins [18]
2025-07-24 20:44:53,740 [INFO] PinOutPanel:1589 - setPackage(No Configuration,No Configuration)
2025-07-24 20:44:53,836 [INFO] CADModel:165 - CPN selected for project level
2025-07-24 20:44:53,836 [INFO] CADModel:114 - Register for checkConnection events
2025-07-24 20:44:53,854 [INFO] IPUIPlugin:80 - create IPUIPlugin
2025-07-24 20:44:53,854 [INFO] PluginManager:220 - loadIPPluginJar : add mdma
2025-07-24 20:44:53,863 [INFO] IPUIPlugin:80 - create IPUIPlugin
2025-07-24 20:44:53,863 [INFO] PluginManager:220 - loadIPPluginJar : add freertos
2025-07-24 20:44:53,871 [INFO] IPUIPlugin:80 - create IPUIPlugin
2025-07-24 20:44:53,871 [INFO] PluginManager:220 - loadIPPluginJar : add gic
2025-07-24 20:44:53,885 [INFO] IPUIPlugin:80 - create IPUIPlugin
2025-07-24 20:44:53,885 [INFO] PluginManager:220 - loadIPPluginJar : add adc
2025-07-24 20:44:53,888 [INFO] IPUIPlugin:80 - create IPUIPlugin
2025-07-24 20:44:53,888 [INFO] PluginManager:220 - loadIPPluginJar : add gtzc
2025-07-24 20:44:53,889 [INFO] IPUIPlugin:80 - create IPUIPlugin
2025-07-24 20:44:53,889 [INFO] PluginManager:220 - loadIPPluginJar : add quadspi
2025-07-24 20:44:53,892 [INFO] IPUIPlugin:80 - create IPUIPlugin
2025-07-24 20:44:53,892 [INFO] PluginManager:220 - loadIPPluginJar : add aes
2025-07-24 20:44:53,896 [INFO] IPUIPlugin:80 - create IPUIPlugin
2025-07-24 20:44:53,896 [INFO] PluginManager:220 - loadIPPluginJar : add pdm2pcm
2025-07-24 20:44:53,898 [INFO] IPUIPlugin:80 - create IPUIPlugin
2025-07-24 20:44:53,898 [INFO] PluginManager:220 - loadIPPluginJar : add hash
2025-07-24 20:44:53,901 [INFO] IPUIPlugin:80 - create IPUIPlugin
2025-07-24 20:44:53,901 [INFO] PluginManager:220 - loadIPPluginJar : add tim
2025-07-24 20:44:53,903 [INFO] IPUIPlugin:80 - create IPUIPlugin
2025-07-24 20:44:53,903 [INFO] PluginManager:220 - loadIPPluginJar : add tsc
2025-07-24 20:44:53,907 [INFO] IPUIPlugin:80 - create IPUIPlugin
2025-07-24 20:44:53,907 [INFO] PluginManager:220 - loadIPPluginJar : add extmemmanager
2025-07-24 20:44:53,909 [INFO] IPUIPlugin:80 - create IPUIPlugin
2025-07-24 20:44:53,909 [INFO] PluginManager:220 - loadIPPluginJar : add ts
2025-07-24 20:44:53,911 [INFO] IPUIPlugin:80 - create IPUIPlugin
2025-07-24 20:44:53,912 [INFO] PluginManager:220 - loadIPPluginJar : add radio
2025-07-24 20:44:53,916 [INFO] IPUIPlugin:80 - create IPUIPlugin
2025-07-24 20:44:53,916 [INFO] PluginManager:220 - loadIPPluginJar : add can
2025-07-24 20:44:53,918 [INFO] IPUIPlugin:80 - create IPUIPlugin
2025-07-24 20:44:53,919 [INFO] PluginManager:220 - loadIPPluginJar : add dma3
2025-07-24 20:44:53,921 [INFO] IPUIPlugin:80 - create IPUIPlugin
2025-07-24 20:44:53,921 [INFO] PluginManager:220 - loadIPPluginJar : add dfsdm
2025-07-24 20:44:53,923 [INFO] IPUIPlugin:80 - create IPUIPlugin
2025-07-24 20:44:53,923 [INFO] PluginManager:220 - loadIPPluginJar : add spi
2025-07-24 20:44:53,926 [INFO] IPUIPlugin:80 - create IPUIPlugin
2025-07-24 20:44:53,926 [INFO] PluginManager:220 - loadIPPluginJar : add gfxmmu
2025-07-24 20:44:53,928 [INFO] IPUIPlugin:80 - create IPUIPlugin
2025-07-24 20:44:53,928 [INFO] PluginManager:220 - loadIPPluginJar : add genericplugin
2025-07-24 20:44:53,930 [INFO] IPUIPlugin:80 - create IPUIPlugin
2025-07-24 20:44:53,930 [INFO] PluginManager:220 - loadIPPluginJar : add cryp
2025-07-24 20:44:53,936 [INFO] IPUIPlugin:80 - create IPUIPlugin
2025-07-24 20:44:53,936 [INFO] PluginManager:220 - loadIPPluginJar : add gpio
2025-07-24 20:44:53,940 [INFO] IPUIPlugin:80 - create IPUIPlugin
2025-07-24 20:44:53,940 [INFO] PluginManager:220 - loadIPPluginJar : add ddr_ctrl_phy
2025-07-24 20:44:53,942 [INFO] IPUIPlugin:80 - create IPUIPlugin
2025-07-24 20:44:53,942 [INFO] PluginManager:220 - loadIPPluginJar : add comp
2025-07-24 20:44:53,944 [INFO] IPUIPlugin:80 - create IPUIPlugin
2025-07-24 20:44:53,944 [INFO] PluginManager:220 - loadIPPluginJar : add tracer_emb
2025-07-24 20:44:53,948 [INFO] IPUIPlugin:80 - create IPUIPlugin
2025-07-24 20:44:53,948 [INFO] PluginManager:220 - loadIPPluginJar : add openamp
2025-07-24 20:44:53,955 [INFO] IPUIPlugin:80 - create IPUIPlugin
2025-07-24 20:44:53,956 [INFO] PluginManager:220 - loadIPPluginJar : add stm32_wpan
2025-07-24 20:44:53,964 [INFO] IPUIPlugin:80 - create IPUIPlugin
2025-07-24 20:44:53,966 [INFO] PluginManager:220 - loadIPPluginJar : add plateformsettings
2025-07-24 20:44:53,970 [INFO] IPUIPlugin:80 - create IPUIPlugin
2025-07-24 20:44:53,971 [INFO] PluginManager:220 - loadIPPluginJar : add ipddr
2025-07-24 20:44:53,974 [INFO] IPUIPlugin:80 - create IPUIPlugin
2025-07-24 20:44:53,974 [INFO] PluginManager:220 - loadIPPluginJar : add usart
2025-07-24 20:44:53,976 [INFO] IPUIPlugin:80 - create IPUIPlugin
2025-07-24 20:44:53,976 [INFO] PluginManager:220 - loadIPPluginJar : add ltdc
2025-07-24 20:44:53,981 [INFO] IPUIPlugin:80 - create IPUIPlugin
2025-07-24 20:44:53,981 [INFO] PluginManager:220 - loadIPPluginJar : add nvic
2025-07-24 20:44:53,983 [INFO] IPUIPlugin:80 - create IPUIPlugin
2025-07-24 20:44:53,983 [INFO] PluginManager:220 - loadIPPluginJar : add fatfs
2025-07-24 20:44:53,992 [INFO] IPUIPlugin:80 - create IPUIPlugin
2025-07-24 20:44:53,992 [INFO] PluginManager:220 - loadIPPluginJar : add linkedlist
2025-07-24 20:44:53,999 [INFO] IPUIPlugin:80 - create IPUIPlugin
2025-07-24 20:44:53,999 [INFO] PluginManager:220 - loadIPPluginJar : add dma
2025-07-24 20:44:54,005 [INFO] IPUIPlugin:80 - create IPUIPlugin
2025-07-24 20:44:54,005 [INFO] PluginManager:220 - loadIPPluginJar : add fmc
2025-07-24 20:44:54,008 [INFO] IPUIPlugin:80 - create IPUIPlugin
2025-07-24 20:44:54,008 [INFO] PluginManager:220 - loadIPPluginJar : add i2s
2025-07-24 20:44:54,009 [INFO] IPUIPlugin:80 - create IPUIPlugin
2025-07-24 20:44:54,010 [INFO] PluginManager:220 - loadIPPluginJar : add ucpd
2025-07-24 20:44:54,012 [INFO] IPUIPlugin:80 - create IPUIPlugin
2025-07-24 20:44:54,012 [INFO] PluginManager:220 - loadIPPluginJar : add lorawan
2025-07-24 20:44:54,016 [INFO] IPUIPlugin:80 - create IPUIPlugin
2025-07-24 20:44:54,016 [INFO] PluginManager:220 - loadIPPluginJar : add opamp
2025-07-24 20:44:54,019 [INFO] IPUIPlugin:80 - create IPUIPlugin
2025-07-24 20:44:54,019 [INFO] PluginManager:220 - loadIPPluginJar : add i3c
2025-07-24 20:44:54,023 [INFO] IPUIPlugin:80 - create IPUIPlugin
2025-07-24 20:44:54,023 [INFO] PluginManager:220 - loadIPPluginJar : add touchsensing
2025-07-24 20:44:54,026 [INFO] IPUIPlugin:80 - create IPUIPlugin
2025-07-24 20:44:54,026 [INFO] PluginManager:220 - loadIPPluginJar : add i2c
2025-07-24 20:44:54,030 [INFO] IPUIPlugin:80 - create IPUIPlugin
2025-07-24 20:44:54,031 [INFO] PluginManager:220 - loadIPPluginJar : add resmgrutility
2025-07-24 20:44:54,036 [INFO] IPUIPlugin:80 - create IPUIPlugin
2025-07-24 20:44:54,036 [INFO] PluginManager:220 - loadIPPluginJar : add sai
2025-07-24 20:44:54,040 [INFO] IPUIPlugin:80 - create IPUIPlugin
2025-07-24 20:44:54,040 [INFO] PluginManager:220 - loadIPPluginJar : add usbx
2025-07-24 20:44:54,145 [FATAL] Updater:351 - Updater called before beeing initialized
2025-07-24 20:44:54,176 [INFO] RulesReader:64 - Compatibility file has been processed (302 Rules)
2025-07-24 20:44:54,188 [INFO] RulesReader:64 - Compatibility file has been processed (302 Rules)
2025-07-24 20:44:54,195 [INFO] CADModel:165 - CPN selected for project level
2025-07-24 20:44:54,195 [INFO] CADModel:114 - Register for checkConnection events
2025-07-24 20:44:54,195 [FATAL] Updater:351 - Updater called before beeing initialized
2025-07-24 20:44:54,195 [ERROR] CADModel:125 - Updater not yet initialized, retry later 
2025-07-24 20:44:54,421 [FATAL] Updater:351 - Updater called before beeing initialized
2025-07-24 20:44:54,423 [INFO] CADModel:165 - CPN selected for project level
2025-07-24 20:44:54,423 [INFO] CADModel:114 - Register for checkConnection events
2025-07-24 20:44:54,423 [FATAL] Updater:351 - Updater called before beeing initialized
2025-07-24 20:44:54,423 [ERROR] CADModel:125 - Updater not yet initialized, retry later 
2025-07-24 20:44:54,428 [FATAL] Updater:351 - Updater called before beeing initialized
2025-07-24 20:44:54,516 [FATAL] Updater:351 - Updater called before beeing initialized
2025-07-24 20:44:54,522 [INFO] DbMcusAds:53 - JSON generation date=Tue Jul 08 18:14:23 AEST 2025 (1751962463524)
2025-07-24 20:44:54,522 [FATAL] Updater:351 - Updater called before beeing initialized
2025-07-24 20:44:55,176 [WARN] DetailPanel:346 - Failed to get advertising image, set to default
2025-07-24 20:44:55,596 [FATAL] Updater:351 - Updater called before beeing initialized
2025-07-24 20:44:55,599 [FATAL] Updater:351 - Updater called before beeing initialized
2025-07-24 20:44:55,599 [FATAL] Updater:351 - Updater called before beeing initialized
2025-07-24 20:44:55,599 [WARN] DetailPanel:346 - Failed to get advertising image, set to default
2025-07-24 20:44:55,602 [FATAL] Updater:351 - Updater called before beeing initialized
2025-07-24 20:44:55,644 [ERROR] Updater:1198 - MainUpdater not yet initialized. External WinMGr cannot be set.
2025-07-24 20:44:55,672 [INFO] Updater:1134 - Updater Version found : 6.14.1
2025-07-24 20:44:55,696 [INFO] ApplicationProperties:184 - Using Application install path: /Applications/STM32CubeIDE.app/Contents/Eclipse/plugins/com.st.stm32cube.common.mx_6.14.1.202504091515
2025-07-24 20:44:56,063 [INFO] MainUpdater:2872 - connection check result : 10
2025-07-24 20:44:56,064 [INFO] MainUpdater:3566 - Updater definition file requires update
2025-07-24 20:44:56,064 [INFO] MainUpdater:289 - Updater Check For Update Now.
2025-07-24 20:44:56,064 [INFO] MicroXplorer:498 - Change Database Version : DB.6.0.141
2025-07-24 20:44:56,072 [INFO] McuFinderGlobals:63 - Set McuFinder mode to 2 (CubeIDE integrated)
2025-07-24 20:44:56,072 [INFO] UserAuth:171 - activating auth plugin
2025-07-24 20:44:56,075 [INFO] UserAuth:484 - Internet connection configuration mode: 1
2025-07-24 20:44:56,084 [INFO] ServerAccessManage:473 - Download File updaters.zip
2025-07-24 20:44:56,101 [INFO] JxBrowserEngine:152 - Initiate JxBrowser Engine with user profile folder
2025-07-24 20:44:56,162 [INFO] FileExtend:242 - Unzip File : updaters.zip
2025-07-24 20:44:56,163 [INFO] FileExtend:257 - Standard Zip Deflate
2025-07-24 20:44:56,246 [WARN] MainUpdater:1193 - Updater busy. Cannot search thirdparties
2025-07-24 20:44:56,246 [INFO] ThirdPartyUpdaterWithRetryManager:96 - Updater plugin is busy. [1/15]
2025-07-24 20:44:56,570 [INFO] ServerAccessManage:473 - Download File PacksControlFlags.xml
2025-07-24 20:44:56,676 [INFO] ServerAccessManage:473 - Download File cubemx.pidx
2025-07-24 20:44:56,804 [INFO] LoadServerUpdatesThread:375 - End of LoadServerUpdate Thread
2025-07-24 20:44:56,977 [INFO] CheckServerUpdateThread:120 - End of CheckServer Thread
2025-07-24 20:44:59,531 [WARN] PackLoader:240 - Cannot read IP mode file for STMicroelectronics.FP-SNS-MOTENVWB1.1.4.0
2025-07-24 20:44:59,549 [WARN] PackLoader:240 - Cannot read IP mode file for STMicroelectronics.X-CUBE-SMBUS.2.1.0
2025-07-24 20:44:59,555 [WARN] PackLoader:240 - Cannot read IP mode file for STMicroelectronics.X-CUBE-ST60.1.0.0
2025-07-24 20:44:59,598 [WARN] PackLoader:240 - Cannot read IP mode file for STMicroelectronics.X-CUBE-AZRTOS-F7.1.1.0
2025-07-24 20:44:59,646 [WARN] PackLoader:240 - Cannot read IP mode file for Infineon.AIROC-Wi-Fi-Bluetooth-STM32.1.7.0
2025-07-24 20:44:59,691 [WARN] PackLoader:240 - Cannot read IP mode file for STMicroelectronics.X-CUBE-AZRTOS-H7.3.4.0
2025-07-24 20:44:59,709 [WARN] PackLoader:240 - Cannot read IP mode file for STMicroelectronics.X-CUBE-DISPLAY.3.0.0
2025-07-24 20:44:59,725 [WARN] PackLoader:240 - Cannot read IP mode file for STMicroelectronics.X-CUBE-NFC10.1.0.0
2025-07-24 20:44:59,740 [WARN] PackLoader:240 - Cannot read IP mode file for STMicroelectronics.X-CUBE-BLEMGR.4.0.0
2025-07-24 20:44:59,752 [WARN] PackLoader:240 - Cannot read IP mode file for emotas.I-CUBE-CANOPEN.1.3.0
2025-07-24 20:44:59,756 [WARN] ConditionMgr:438 - getConditionDescription Invalid condition id : Cortex-A Device cause : null
2025-07-24 20:44:59,765 [WARN] ConditionMgr:1044 - genDependencies : Invalid condition id : Cortex-A Device cause : null
2025-07-24 20:44:59,766 [WARN] ConditionMgr:1044 - genDependencies : Invalid condition id : Cortex-A Device cause : null
2025-07-24 20:44:59,766 [WARN] ConditionMgr:1044 - genDependencies : Invalid condition id : Cortex-A Device cause : null
2025-07-24 20:44:59,772 [WARN] PackLoader:240 - Cannot read IP mode file for STMicroelectronics.X-CUBE-AI.10.0.0
2025-07-24 20:44:59,778 [WARN] PackLoader:240 - Cannot read IP mode file for STMicroelectronics.FP-SNS-SMARTAG2.1.2.0
2025-07-24 20:44:59,789 [INFO] LogOutputStream:77 - [STDOUT_REDIRECT] 1 : Invalid condition id : UX_CORESTACK_Condition cause : null
2025-07-24 20:44:59,789 [INFO] LogOutputStream:77 - [STDOUT_REDIRECT] 1 : Invalid condition id : UX_CORESTACK_Condition cause : null
2025-07-24 20:44:59,790 [INFO] LogOutputStream:77 - [STDOUT_REDIRECT] 1 : Invalid condition id : UX_CORESTACK_Condition cause : null
2025-07-24 20:44:59,790 [INFO] LogOutputStream:77 - [STDOUT_REDIRECT] 1 : Invalid condition id : UX_CORESTACK_Condition cause : null
2025-07-24 20:44:59,790 [INFO] LogOutputStream:77 - [STDOUT_REDIRECT] 1 : Invalid condition id : UX_CORESTACK_Condition cause : null
2025-07-24 20:44:59,794 [WARN] PackLoader:240 - Cannot read IP mode file for STMicroelectronics.X-CUBE-AZRTOS-WL.2.0.0
2025-07-24 20:44:59,801 [WARN] PackLoader:240 - Cannot read IP mode file for STMicroelectronics.FP-SNS-MOTENV1.5.0.0
2025-07-24 20:44:59,812 [WARN] PackLoader:240 - Cannot read IP mode file for WES.I-CUBE-Cesium.1.3.0
2025-07-24 20:44:59,818 [WARN] PackLoader:240 - Cannot read IP mode file for STMicroelectronics.X-CUBE-BLE2.3.3.0
2025-07-24 20:44:59,825 [WARN] PackLoader:240 - Cannot read IP mode file for STMicroelectronics.X-CUBE-NFC9.1.0.0
2025-07-24 20:44:59,832 [WARN] PackLoader:240 - Cannot read IP mode file for STMicroelectronics.X-CUBE-BLE1.7.1.0
2025-07-24 20:44:59,835 [WARN] PackLoader:240 - Cannot read IP mode file for wolfSSL.I-CUBE-wolfMQTT.1.19.2
2025-07-24 20:44:59,843 [WARN] PackLoader:240 - Cannot read IP mode file for STMicroelectronics.X-CUBE-EEPRMA1.5.2.0
2025-07-24 20:44:59,849 [WARN] PackLoader:240 - Cannot read IP mode file for STMicroelectronics.X-CUBE-AI.10.1.0
2025-07-24 20:44:59,919 [WARN] PackLoader:240 - Cannot read IP mode file for STMicroelectronics.X-CUBE-MEMS1.11.2.0
2025-07-24 20:45:00,176 [WARN] PackLoader:240 - Cannot read IP mode file for STMicroelectronics.X-CUBE-AZRTOS-G0.1.1.0
2025-07-24 20:45:00,193 [WARN] PackLoader:240 - Cannot read IP mode file for STMicroelectronics.X-CUBE-SAFEA1.1.2.2
2025-07-24 20:45:00,199 [WARN] PackLoader:240 - Cannot read IP mode file for STMicroelectronics.X-CUBE-NFC4.3.0.0
2025-07-24 20:45:00,212 [WARN] PackLoader:240 - Cannot read IP mode file for EmbeddedOffice.I-CUBE-FS-RTOS.1.0.1
2025-07-24 20:45:00,217 [WARN] PackLoader:240 - Cannot read IP mode file for STMicroelectronics.X-CUBE-WB05N.2.0.0
2025-07-24 20:45:00,221 [WARN] PackLoader:240 - Cannot read IP mode file for wolfSSL.I-CUBE-wolfTPM.3.8.0
2025-07-24 20:45:00,227 [WARN] PackLoader:240 - Cannot read IP mode file for STMicroelectronics.X-CUBE-TCPP.4.2.0
2025-07-24 20:45:00,233 [WARN] PackLoader:240 - Cannot read IP mode file for RealThread.X-CUBE-RT-Thread_Nano.4.1.1
2025-07-24 20:45:00,237 [WARN] PackLoader:240 - Cannot read IP mode file for STMicroelectronics.FP-ATR-SIGFOX1.3.2.0
2025-07-24 20:45:00,244 [WARN] PackLoader:240 - Cannot read IP mode file for STMicroelectronics.X-CUBE-EEPRMA1.5.1.0
2025-07-24 20:45:00,250 [WARN] PackLoader:240 - Cannot read IP mode file for wolfSSL.I-CUBE-wolfSSL.5.7.6
2025-07-24 20:45:00,257 [WARN] PackLoader:240 - Cannot read IP mode file for ITTIA_DB.I-CUBE-ITTIADB.8.9.0
2025-07-24 20:45:00,263 [WARN] PackLoader:240 - Cannot read IP mode file for STMicroelectronics.X-CUBE-ST67W61.1.0.0
2025-07-24 20:45:00,304 [WARN] PackLoader:240 - Cannot read IP mode file for SEGGER.I-CUBE-embOS.1.3.1
2025-07-24 20:45:00,370 [WARN] PackLoader:240 - Cannot read IP mode file for STMicroelectronics.X-CUBE-ALGOBUILD.1.4.0
2025-07-24 20:45:00,433 [WARN] PackLoader:240 - Cannot read IP mode file for STMicroelectronics.X-CUBE-MEMS1.11.3.0
2025-07-24 20:45:00,714 [WARN] PackLoader:240 - Cannot read IP mode file for STMicroelectronics.X-CUBE-PM33A1.1.0.0
2025-07-24 20:45:00,740 [WARN] PackLoader:240 - Cannot read IP mode file for STMicroelectronics.X-CUBE-AZRTOS-F4.1.1.0
2025-07-24 20:45:00,746 [WARN] PackLoader:240 - Cannot read IP mode file for Avnet-IotConnect.X-CUBE-IoTC-DA16k-PMOD.1.0.0
2025-07-24 20:45:00,750 [WARN] PackLoader:240 - Cannot read IP mode file for STMicroelectronics.X-CUBE-ISPU.2.1.0
2025-07-24 20:45:00,757 [WARN] PackLoader:240 - Cannot read IP mode file for STMicroelectronics.X-CUBE-NFC12.1.0.0
2025-07-24 20:45:00,799 [WARN] PackLoader:240 - Cannot read IP mode file for STMicroelectronics.X-CUBE-AZRTOS-L5.2.0.0
2025-07-24 20:45:00,814 [WARN] PackLoader:240 - Cannot read IP mode file for STMicroelectronics.X-CUBE-NFC6.3.1.0
2025-07-24 20:45:00,826 [WARN] PackLoader:240 - Cannot read IP mode file for STMicroelectronics.X-CUBE-FREERTOS.1.3.1
2025-07-24 20:45:00,832 [WARN] PackLoader:240 - Cannot read IP mode file for STMicroelectronics.X-CUBE-FREERTOS.1.3.0
2025-07-24 20:45:00,842 [WARN] PackLoader:240 - Cannot read IP mode file for STMicroelectronics.FP-SNS-STAIOTCFT.1.0.0
2025-07-24 20:45:00,849 [WARN] PackLoader:240 - Cannot read IP mode file for STMicroelectronics.X-CUBE-DPower.1.3.0
2025-07-24 20:45:00,881 [WARN] ConditionMgr:438 - getConditionDescription Invalid condition id : LAN8742 Phy interface Condition cause : null
2025-07-24 20:45:00,882 [WARN] PackLoader:240 - Cannot read IP mode file for STMicroelectronics.X-CUBE-AZRTOS-L4.2.0.0
2025-07-24 20:45:00,884 [WARN] ConditionMgr:1044 - genDependencies : Invalid condition id : LAN8742 Phy interface Condition cause : null
2025-07-24 20:45:00,885 [WARN] ConditionMgr:1044 - genDependencies : Invalid condition id : LAN8742 Phy interface Condition cause : null
2025-07-24 20:45:00,886 [WARN] ConditionMgr:1044 - genDependencies : Invalid condition id : LAN8742 Phy interface Condition cause : null
2025-07-24 20:45:00,900 [WARN] PackLoader:240 - Cannot read IP mode file for STMicroelectronics.X-CUBE-SFXS2LP1.4.0.0
2025-07-24 20:45:00,941 [WARN] PackLoader:240 - Cannot read IP mode file for STMicroelectronics.X-CUBE-AZRTOS-H7.3.3.0
2025-07-24 20:45:00,964 [WARN] PackLoader:240 - Cannot read IP mode file for STMicroelectronics.X-CUBE-BLEMGR.4.1.0
2025-07-24 20:45:00,995 [WARN] ConditionMgr:438 - getConditionDescription Invalid condition id : UX DEVICE CLASS RTOS Condition cause : null
2025-07-24 20:45:00,995 [WARN] ConditionMgr:438 - getConditionDescription Invalid condition id : UX DEVICE CLASS RTOS Condition cause : null
2025-07-24 20:45:00,999 [WARN] PackLoader:240 - Cannot read IP mode file for STMicroelectronics.X-CUBE-AZRTOS-WB.2.0.0
2025-07-24 20:45:01,001 [WARN] ConditionMgr:1044 - genDependencies : Invalid condition id : UX DEVICE CLASS RTOS Condition cause : null
2025-07-24 20:45:01,001 [WARN] ConditionMgr:1044 - genDependencies : Invalid condition id : UX DEVICE CLASS RTOS Condition cause : null
2025-07-24 20:45:01,002 [WARN] ConditionMgr:1044 - genDependencies : Invalid condition id : UX DEVICE CLASS RTOS Condition cause : null
2025-07-24 20:45:01,002 [WARN] ConditionMgr:1044 - genDependencies : Invalid condition id : UX DEVICE CLASS RTOS Condition cause : null
2025-07-24 20:45:01,002 [WARN] ConditionMgr:1044 - genDependencies : Invalid condition id : UX DEVICE CLASS RTOS Condition cause : null
2025-07-24 20:45:01,012 [WARN] PackLoader:240 - Cannot read IP mode file for STMicroelectronics.X-CUBE-GNSS1.7.0.1
2025-07-24 20:45:01,018 [WARN] PackLoader:240 - Cannot read IP mode file for STMicroelectronics.X-CUBE-TOUCHGFX.4.25.0
2025-07-24 20:45:01,026 [WARN] PackLoader:240 - Cannot read IP mode file for STMicroelectronics.FP-SNS-STBOX1.2.0.0
2025-07-24 20:45:01,047 [WARN] PackLoader:240 - Cannot read IP mode file for STMicroelectronics.X-CUBE-SUBG2.5.0.0
2025-07-24 20:45:01,087 [WARN] PackLoader:240 - Cannot read IP mode file for STMicroelectronics.X-CUBE-AZRTOS-H7RS.1.1.0
2025-07-24 20:45:01,096 [WARN] PackLoader:240 - Cannot read IP mode file for Cesanta.I-CUBE-Mongoose.7.13.0
2025-07-24 20:45:01,118 [WARN] PackLoader:240 - Cannot read IP mode file for STMicroelectronics.X-CUBE-AZRTOS-G4.2.0.0
2025-07-24 20:45:01,124 [WARN] PackLoader:240 - Cannot read IP mode file for wolfSSL.I-CUBE-wolfSSH.1.4.20
2025-07-24 20:45:01,130 [WARN] PackLoader:240 - Cannot read IP mode file for STMicroelectronics.X-CUBE-NFC7.2.0.0
2025-07-24 20:45:01,146 [WARN] PackLoader:240 - Cannot read IP mode file for STMicroelectronics.X-CUBE-IPS.3.1.0
2025-07-24 20:45:01,162 [WARN] PackLoader:240 - Cannot read IP mode file for STMicroelectronics.X-CUBE-ALS.1.0.2
2025-07-24 20:45:01,170 [WARN] PackLoader:240 - Cannot read IP mode file for portGmbH.I-Cube-SoM-uGOAL.1.1.0
2025-07-24 20:45:01,191 [WARN] PackLoader:240 - Cannot read IP mode file for STMicroelectronics.X-CUBE-TOF1.3.4.3
2025-07-24 20:45:01,219 [INFO] ThirdParty:978 - Integrity check success = true
2025-07-24 20:45:01,219 [INFO] IntegrityCheckThread:100 - exiting critical section [integrity check]
2025-07-24 20:45:01,219 [INFO] IntegrityCheckThread:103 - End integrity checks thread
2025-07-24 20:45:03,220 [INFO] WebApp:169 - Instantiating new browser for Auth
2025-07-24 20:45:04,767 [INFO] WebApp:463 - Apply proxy settings
2025-07-24 20:45:04,779 [INFO] WebApp:508 - Chromium authenticates against Manually configured proxy
2025-07-24 20:45:04,800 [INFO] WebApp:516 - Username used for proxy authentication: 
2025-07-24 20:45:04,857 [INFO] WebApp:894 - Register for checkConnection events
2025-07-24 20:45:04,872 [INFO] WebApp:463 - Apply proxy settings
2025-07-24 20:45:04,887 [INFO] WebApp:508 - Chromium authenticates against Manually configured proxy
2025-07-24 20:45:04,898 [INFO] WebApp:516 - Username used for proxy authentication: 
2025-07-24 20:45:05,231 [INFO] WebApp:225 - Starting web application
2025-07-24 20:45:05,252 [INFO] WebApp:593 - Web application path used /Applications/STM32CubeIDE.app/Contents/Eclipse/plugins/com.st.stm32cube.common.mx_6.14.1.202504091515/db/plugins/mcufinder/reactClient1/index.html
2025-07-24 20:45:05,857 [INFO] WebApp:191 - Connection restablished
2025-07-24 22:17:32,639 [INFO] WebApp:194 - Connection lost
2025-07-24 22:17:33,130 [INFO] WebApp:191 - Connection restablished
2025-07-24 22:17:51,961 [ERROR] LogOutputStream:75 - [STDERR_REDIRECT] 
