2025-04-20 00:15:35,479 [INFO] Activator:176 - 


2025-04-20 00:15:35,481 [INFO] Activator:177 - !SESSION log4j initialized
2025-04-20 00:15:36,451 [ERROR] LogOutputStream:75 - [STDERR_REDIRECT] 
2025-04-20 00:15:38,209 [INFO] LogOutputStream:77 - [STDOUT_REDIRECT] 
2025-04-20 00:15:40,032 [INFO] ApplicationProperties:184 - Using Application install path: /Applications/STM32CubeIDE.app/Contents/Eclipse/plugins/com.st.stm32cube.common.mx_6.14.1.202504091515
2025-04-20 00:15:40,049 [INFO] DbMcusXml:78 - Set database path to: /Applications/STM32CubeIDE.app/Contents/Eclipse/plugins/com.st.stm32cube.common.mx_6.14.1.202504091515//db//mcu/
2025-04-20 00:15:40,049 [INFO] ApiDb:274 - Set plugin database path to: /Applications/STM32CubeIDE.app/Contents/Eclipse/plugins/com.st.stm32cube.common.mx_6.14.1.202504091515//db//plugins/boardmanager/
2025-04-20 00:15:40,050 [WARN] ApiDb:259 - Overriding images path with different value:  => /Applications/STM32CubeIDE.app/Contents/Eclipse/plugins/com.st.stm32cube.common.mx_6.14.1.202504091515//db//plugins/mcufinder/images/
2025-04-20 00:15:40,056 [INFO] ApiDb:250 - Set database path to: /Users/himethaluthwala/.stmcufinder/plugins/mcufinder//mcu/
2025-04-20 00:15:40,058 [INFO] DbMcusAds:125 - Set database path to: /Users/himethaluthwala/.stmcufinder/plugins/mcufinder//mcu/
2025-04-20 00:15:40,060 [INFO] CrossReferenceDbSqlite:203 - Set database path to: /Users/himethaluthwala/.stmcufinder/plugins/mcufinder//mcu/cs/
2025-04-20 00:15:40,166 [INFO] RulesReader:64 - Compatibility file has been processed (302 Rules)
2025-04-20 00:15:40,261 [INFO] DbMcusXml:78 - Set database path to: /Applications/STM32CubeIDE.app/Contents/Eclipse/plugins/com.st.stm32cube.common.mx_6.14.1.202504091515//db//mcu/
2025-04-20 00:15:40,262 [INFO] ApiDb:274 - Set plugin database path to: /Applications/STM32CubeIDE.app/Contents/Eclipse/plugins/com.st.stm32cube.common.mx_6.14.1.202504091515//db//plugins/boardmanager/
2025-04-20 00:15:40,262 [INFO] ApiDb:261 - Set plugin images path to: /Applications/STM32CubeIDE.app/Contents/Eclipse/plugins/com.st.stm32cube.common.mx_6.14.1.202504091515//db//plugins/mcufinder/images/
2025-04-20 00:15:40,262 [WARN] DbFile:41 - Overriding database path with different value: /Users/himethaluthwala/.stmcufinder/plugins/mcufinder/ => /Users/himethaluthwala/.stmcufinder/plugins/mcufinder
2025-04-20 00:15:40,262 [INFO] ApiDb:250 - Set database path to: /Users/himethaluthwala/.stmcufinder/plugins/mcufinder//mcu/
2025-04-20 00:15:40,262 [WARN] DbFile:41 - Overriding database path with different value: /Users/himethaluthwala/.stmcufinder/plugins/mcufinder/ => /Users/himethaluthwala/.stmcufinder/plugins/mcufinder
2025-04-20 00:15:40,262 [INFO] DbMcusAds:125 - Set database path to: /Users/himethaluthwala/.stmcufinder/plugins/mcufinder//mcu/
2025-04-20 00:15:40,263 [WARN] DbFile:41 - Overriding database path with different value: /Users/himethaluthwala/.stmcufinder/plugins/mcufinder/ => /Users/himethaluthwala/.stmcufinder/plugins/mcufinder
2025-04-20 00:15:40,263 [WARN] DbFile:41 - Overriding database path with different value: /Users/himethaluthwala/.stmcufinder/plugins/mcufinder/ => /Users/himethaluthwala/.stmcufinder/plugins/mcufinder
2025-04-20 00:15:40,263 [INFO] CrossReferenceDbSqlite:203 - Set database path to: /Users/himethaluthwala/.stmcufinder/plugins/mcufinder//mcu/cs/
2025-04-20 00:15:40,349 [INFO] MainPanel:272 - HeapMemory: 268435456
2025-04-20 00:15:41,045 [INFO] DbMcusXml:78 - Set database path to: /Applications/STM32CubeIDE.app/Contents/Eclipse/plugins/com.st.stm32cube.common.mx_6.14.1.202504091515//db//mcu/
2025-04-20 00:15:41,046 [INFO] ApiDb:274 - Set plugin database path to: /Applications/STM32CubeIDE.app/Contents/Eclipse/plugins/com.st.stm32cube.common.mx_6.14.1.202504091515//db//plugins/boardmanager/
2025-04-20 00:15:41,046 [INFO] ApiDb:261 - Set plugin images path to: /Applications/STM32CubeIDE.app/Contents/Eclipse/plugins/com.st.stm32cube.common.mx_6.14.1.202504091515//db//plugins/mcufinder/images/
2025-04-20 00:15:41,046 [WARN] DbFile:41 - Overriding database path with different value: /Users/himethaluthwala/.stmcufinder/plugins/mcufinder/ => /Users/himethaluthwala/.stmcufinder/plugins/mcufinder
2025-04-20 00:15:41,046 [INFO] ApiDb:250 - Set database path to: /Users/himethaluthwala/.stmcufinder/plugins/mcufinder//mcu/
2025-04-20 00:15:41,046 [WARN] DbFile:41 - Overriding database path with different value: /Users/himethaluthwala/.stmcufinder/plugins/mcufinder/ => /Users/himethaluthwala/.stmcufinder/plugins/mcufinder
2025-04-20 00:15:41,046 [INFO] DbMcusAds:125 - Set database path to: /Users/himethaluthwala/.stmcufinder/plugins/mcufinder//mcu/
2025-04-20 00:15:41,046 [WARN] DbFile:41 - Overriding database path with different value: /Users/himethaluthwala/.stmcufinder/plugins/mcufinder/ => /Users/himethaluthwala/.stmcufinder/plugins/mcufinder
2025-04-20 00:15:41,046 [WARN] DbFile:41 - Overriding database path with different value: /Users/himethaluthwala/.stmcufinder/plugins/mcufinder/ => /Users/himethaluthwala/.stmcufinder/plugins/mcufinder
2025-04-20 00:15:41,047 [INFO] CrossReferenceDbSqlite:203 - Set database path to: /Users/himethaluthwala/.stmcufinder/plugins/mcufinder//mcu/cs/
2025-04-20 00:15:41,066 [INFO] ApplicationProperties:184 - Using Application install path: /Applications/STM32CubeIDE.app/Contents/Eclipse/plugins/com.st.stm32cube.common.mx_6.14.1.202504091515
2025-04-20 00:15:41,067 [INFO] PluginManage:196 - Search for loadable plugins [exclusion list=, ]
2025-04-20 00:15:41,069 [INFO] PluginManage:310 - Check plugin analytics
2025-04-20 00:15:41,236 [INFO] AnalyticsPlugin:253 - Accepted Software Licenses: 
2025-04-20 00:15:41,236 [INFO] AnalyticsPlugin:255 - Accepted CMSIS Pack Licenses: 
2025-04-20 00:15:41,237 [INFO] AnalyticsPlugin:257 - Accepted Firmware Licenses: 
2025-04-20 00:15:41,239 [INFO] PluginManage:359 - Loaded plugin analytics (category:tool,tabindex:-1)
2025-04-20 00:15:41,239 [INFO] PluginManage:310 - Check plugin cadmodel
2025-04-20 00:15:41,245 [INFO] CADModel:105 - Init CAD model plugin
2025-04-20 00:15:41,245 [INFO] PluginManage:359 - Loaded plugin cadmodel (category:power,tabindex:5)
2025-04-20 00:15:41,245 [INFO] PluginManage:310 - Check plugin clock
2025-04-20 00:15:41,256 [INFO] PluginManage:359 - Loaded plugin clock (category:base,tabindex:2)
2025-04-20 00:15:41,256 [INFO] PluginManage:310 - Check plugin ddr
2025-04-20 00:15:41,258 [INFO] PluginManage:359 - Loaded plugin ddr (category:tool,tabindex:6)
2025-04-20 00:15:41,259 [INFO] PluginManage:310 - Check plugin filemanager
2025-04-20 00:15:41,503 [INFO] PluginManage:359 - Loaded plugin filemanager (category:base,tabindex:10)
2025-04-20 00:15:41,504 [INFO] PluginManage:310 - Check plugin ipmanager
2025-04-20 00:15:41,510 [INFO] PluginManage:359 - Loaded plugin ipmanager (category:base,tabindex:5)
2025-04-20 00:15:41,511 [INFO] PluginManage:310 - Check plugin lpbam
2025-04-20 00:15:41,529 [INFO] PluginManage:359 - Loaded plugin lpbam (category:base,tabindex:0)
2025-04-20 00:15:41,529 [INFO] PluginManage:310 - Check plugin memorymap
2025-04-20 00:15:41,547 [INFO] PluginManage:359 - Loaded plugin memorymap (category:base,tabindex:4)
2025-04-20 00:15:41,547 [INFO] PluginManage:310 - Check plugin pinoutandconfiguration
2025-04-20 00:15:41,556 [INFO] PluginManage:359 - Loaded plugin pinoutandconfiguration (category:base,tabindex:1)
2025-04-20 00:15:41,556 [INFO] PluginManage:310 - Check plugin pinoutconfig
2025-04-20 00:15:41,669 [WARN] SupportedApi:132 - Cannot load RTOS API schema: s4s-elt-must-match.1: The content of 'definitions' must match (annotation?, (simpleType | complexType)?, (unique | key | keyref)*)). A problem was found starting at: attribute.
2025-04-20 00:15:41,947 [INFO] PluginManage:359 - Loaded plugin pinoutconfig (category:base,tabindex:0)
2025-04-20 00:15:41,947 [INFO] PluginManage:310 - Check plugin power
2025-04-20 00:15:41,963 [INFO] PluginManage:359 - Loaded plugin power (category:power,tabindex:4)
2025-04-20 00:15:41,963 [INFO] PluginManage:310 - Check plugin projectmanager
2025-04-20 00:15:41,988 [INFO] PluginManage:359 - Loaded plugin projectmanager (category:projectmanager,tabindex:4)
2025-04-20 00:15:41,988 [INFO] PluginManage:310 - Check plugin rif
2025-04-20 00:15:41,997 [INFO] PluginManage:359 - Loaded plugin rif (category:base,tabindex:3)
2025-04-20 00:15:41,997 [INFO] PluginManage:310 - Check plugin thirdparty
2025-04-20 00:15:42,153 [INFO] PluginManage:359 - Loaded plugin thirdparty (category:base,tabindex:-1)
2025-04-20 00:15:42,153 [INFO] PluginManage:310 - Check plugin tools
2025-04-20 00:15:42,153 [WARN] IntegrityCheckThread:84 - waiting for thirdparty lock release [integrity check]
2025-04-20 00:15:42,153 [INFO] IntegrityCheckThread:86 - entering critical section [integrity check]
2025-04-20 00:15:42,154 [INFO] ThirdPartyUpdaterWithRetryManager:70 - Updater plugin not ready yet. [1/15]
2025-04-20 00:15:42,157 [INFO] PluginManage:359 - Loaded plugin tools (category:base,tabindex:7)
2025-04-20 00:15:42,157 [INFO] PluginManage:310 - Check plugin tutovideos
2025-04-20 00:15:42,389 [INFO] PluginManage:359 - Loaded plugin tutovideos (category:base,tabindex:-1)
2025-04-20 00:15:42,389 [INFO] PluginManage:310 - Check plugin updater
2025-04-20 00:15:42,413 [INFO] PluginManage:359 - Loaded plugin updater (category:base,tabindex:12)
2025-04-20 00:15:42,413 [INFO] PluginManage:310 - Check plugin userauth
2025-04-20 00:15:42,418 [INFO] UserAuth:118 - Init User Auth plugin
2025-04-20 00:15:42,419 [INFO] PluginManage:359 - Loaded plugin userauth (category:base,tabindex:14)
2025-04-20 00:15:42,419 [INFO] PluginManage:283 - PluginManage : Loaded plugins [18]
2025-04-20 00:15:42,637 [INFO] PinOutPanel:1589 - setPackage(No Configuration,No Configuration)
2025-04-20 00:15:42,720 [INFO] CADModel:165 - CPN selected for project level
2025-04-20 00:15:42,720 [INFO] CADModel:114 - Register for checkConnection events
2025-04-20 00:15:42,735 [INFO] IPUIPlugin:80 - create IPUIPlugin
2025-04-20 00:15:42,735 [INFO] PluginManager:220 - loadIPPluginJar : add mdma
2025-04-20 00:15:42,744 [INFO] IPUIPlugin:80 - create IPUIPlugin
2025-04-20 00:15:42,744 [INFO] PluginManager:220 - loadIPPluginJar : add freertos
2025-04-20 00:15:42,749 [INFO] IPUIPlugin:80 - create IPUIPlugin
2025-04-20 00:15:42,750 [INFO] PluginManager:220 - loadIPPluginJar : add gic
2025-04-20 00:15:42,760 [INFO] IPUIPlugin:80 - create IPUIPlugin
2025-04-20 00:15:42,760 [INFO] PluginManager:220 - loadIPPluginJar : add adc
2025-04-20 00:15:42,762 [INFO] IPUIPlugin:80 - create IPUIPlugin
2025-04-20 00:15:42,763 [INFO] PluginManager:220 - loadIPPluginJar : add gtzc
2025-04-20 00:15:42,764 [INFO] IPUIPlugin:80 - create IPUIPlugin
2025-04-20 00:15:42,764 [INFO] PluginManager:220 - loadIPPluginJar : add quadspi
2025-04-20 00:15:42,767 [INFO] IPUIPlugin:80 - create IPUIPlugin
2025-04-20 00:15:42,767 [INFO] PluginManager:220 - loadIPPluginJar : add aes
2025-04-20 00:15:42,770 [INFO] IPUIPlugin:80 - create IPUIPlugin
2025-04-20 00:15:42,770 [INFO] PluginManager:220 - loadIPPluginJar : add pdm2pcm
2025-04-20 00:15:42,773 [INFO] IPUIPlugin:80 - create IPUIPlugin
2025-04-20 00:15:42,773 [INFO] PluginManager:220 - loadIPPluginJar : add hash
2025-04-20 00:15:42,776 [INFO] IPUIPlugin:80 - create IPUIPlugin
2025-04-20 00:15:42,776 [INFO] PluginManager:220 - loadIPPluginJar : add tim
2025-04-20 00:15:42,778 [INFO] IPUIPlugin:80 - create IPUIPlugin
2025-04-20 00:15:42,778 [INFO] PluginManager:220 - loadIPPluginJar : add tsc
2025-04-20 00:15:42,781 [INFO] IPUIPlugin:80 - create IPUIPlugin
2025-04-20 00:15:42,781 [INFO] PluginManager:220 - loadIPPluginJar : add extmemmanager
2025-04-20 00:15:42,783 [INFO] IPUIPlugin:80 - create IPUIPlugin
2025-04-20 00:15:42,784 [INFO] PluginManager:220 - loadIPPluginJar : add ts
2025-04-20 00:15:42,785 [INFO] IPUIPlugin:80 - create IPUIPlugin
2025-04-20 00:15:42,786 [INFO] PluginManager:220 - loadIPPluginJar : add radio
2025-04-20 00:15:42,788 [INFO] IPUIPlugin:80 - create IPUIPlugin
2025-04-20 00:15:42,788 [INFO] PluginManager:220 - loadIPPluginJar : add can
2025-04-20 00:15:42,791 [INFO] IPUIPlugin:80 - create IPUIPlugin
2025-04-20 00:15:42,791 [INFO] PluginManager:220 - loadIPPluginJar : add dma3
2025-04-20 00:15:42,794 [INFO] IPUIPlugin:80 - create IPUIPlugin
2025-04-20 00:15:42,794 [INFO] PluginManager:220 - loadIPPluginJar : add dfsdm
2025-04-20 00:15:42,796 [INFO] IPUIPlugin:80 - create IPUIPlugin
2025-04-20 00:15:42,797 [INFO] PluginManager:220 - loadIPPluginJar : add spi
2025-04-20 00:15:42,799 [INFO] IPUIPlugin:80 - create IPUIPlugin
2025-04-20 00:15:42,799 [INFO] PluginManager:220 - loadIPPluginJar : add gfxmmu
2025-04-20 00:15:42,801 [INFO] IPUIPlugin:80 - create IPUIPlugin
2025-04-20 00:15:42,801 [INFO] PluginManager:220 - loadIPPluginJar : add genericplugin
2025-04-20 00:15:42,803 [INFO] IPUIPlugin:80 - create IPUIPlugin
2025-04-20 00:15:42,803 [INFO] PluginManager:220 - loadIPPluginJar : add cryp
2025-04-20 00:15:42,809 [INFO] IPUIPlugin:80 - create IPUIPlugin
2025-04-20 00:15:42,810 [INFO] PluginManager:220 - loadIPPluginJar : add gpio
2025-04-20 00:15:42,813 [INFO] IPUIPlugin:80 - create IPUIPlugin
2025-04-20 00:15:42,813 [INFO] PluginManager:220 - loadIPPluginJar : add ddr_ctrl_phy
2025-04-20 00:15:42,814 [INFO] IPUIPlugin:80 - create IPUIPlugin
2025-04-20 00:15:42,814 [INFO] PluginManager:220 - loadIPPluginJar : add comp
2025-04-20 00:15:42,816 [INFO] IPUIPlugin:80 - create IPUIPlugin
2025-04-20 00:15:42,817 [INFO] PluginManager:220 - loadIPPluginJar : add tracer_emb
2025-04-20 00:15:42,819 [INFO] IPUIPlugin:80 - create IPUIPlugin
2025-04-20 00:15:42,819 [INFO] PluginManager:220 - loadIPPluginJar : add openamp
2025-04-20 00:15:42,825 [INFO] IPUIPlugin:80 - create IPUIPlugin
2025-04-20 00:15:42,825 [INFO] PluginManager:220 - loadIPPluginJar : add stm32_wpan
2025-04-20 00:15:42,831 [INFO] IPUIPlugin:80 - create IPUIPlugin
2025-04-20 00:15:42,834 [INFO] PluginManager:220 - loadIPPluginJar : add plateformsettings
2025-04-20 00:15:42,837 [INFO] IPUIPlugin:80 - create IPUIPlugin
2025-04-20 00:15:42,837 [INFO] PluginManager:220 - loadIPPluginJar : add ipddr
2025-04-20 00:15:42,839 [INFO] IPUIPlugin:80 - create IPUIPlugin
2025-04-20 00:15:42,839 [INFO] PluginManager:220 - loadIPPluginJar : add usart
2025-04-20 00:15:42,840 [INFO] IPUIPlugin:80 - create IPUIPlugin
2025-04-20 00:15:42,840 [INFO] PluginManager:220 - loadIPPluginJar : add ltdc
2025-04-20 00:15:42,844 [INFO] IPUIPlugin:80 - create IPUIPlugin
2025-04-20 00:15:42,844 [INFO] PluginManager:220 - loadIPPluginJar : add nvic
2025-04-20 00:15:42,846 [INFO] IPUIPlugin:80 - create IPUIPlugin
2025-04-20 00:15:42,846 [INFO] PluginManager:220 - loadIPPluginJar : add fatfs
2025-04-20 00:15:42,855 [INFO] IPUIPlugin:80 - create IPUIPlugin
2025-04-20 00:15:42,855 [INFO] PluginManager:220 - loadIPPluginJar : add linkedlist
2025-04-20 00:15:42,861 [INFO] IPUIPlugin:80 - create IPUIPlugin
2025-04-20 00:15:42,861 [INFO] PluginManager:220 - loadIPPluginJar : add dma
2025-04-20 00:15:42,866 [INFO] IPUIPlugin:80 - create IPUIPlugin
2025-04-20 00:15:42,866 [INFO] PluginManager:220 - loadIPPluginJar : add fmc
2025-04-20 00:15:42,869 [INFO] IPUIPlugin:80 - create IPUIPlugin
2025-04-20 00:15:42,869 [INFO] PluginManager:220 - loadIPPluginJar : add i2s
2025-04-20 00:15:42,871 [INFO] IPUIPlugin:80 - create IPUIPlugin
2025-04-20 00:15:42,871 [INFO] PluginManager:220 - loadIPPluginJar : add ucpd
2025-04-20 00:15:42,873 [INFO] IPUIPlugin:80 - create IPUIPlugin
2025-04-20 00:15:42,874 [INFO] PluginManager:220 - loadIPPluginJar : add lorawan
2025-04-20 00:15:42,877 [INFO] IPUIPlugin:80 - create IPUIPlugin
2025-04-20 00:15:42,877 [INFO] PluginManager:220 - loadIPPluginJar : add opamp
2025-04-20 00:15:42,880 [INFO] IPUIPlugin:80 - create IPUIPlugin
2025-04-20 00:15:42,881 [INFO] PluginManager:220 - loadIPPluginJar : add i3c
2025-04-20 00:15:42,884 [INFO] IPUIPlugin:80 - create IPUIPlugin
2025-04-20 00:15:42,884 [INFO] PluginManager:220 - loadIPPluginJar : add touchsensing
2025-04-20 00:15:42,887 [INFO] IPUIPlugin:80 - create IPUIPlugin
2025-04-20 00:15:42,888 [INFO] PluginManager:220 - loadIPPluginJar : add i2c
2025-04-20 00:15:42,891 [INFO] IPUIPlugin:80 - create IPUIPlugin
2025-04-20 00:15:42,891 [INFO] PluginManager:220 - loadIPPluginJar : add resmgrutility
2025-04-20 00:15:42,895 [INFO] IPUIPlugin:80 - create IPUIPlugin
2025-04-20 00:15:42,895 [INFO] PluginManager:220 - loadIPPluginJar : add sai
2025-04-20 00:15:42,898 [INFO] IPUIPlugin:80 - create IPUIPlugin
2025-04-20 00:15:42,899 [INFO] PluginManager:220 - loadIPPluginJar : add usbx
2025-04-20 00:15:43,012 [FATAL] Updater:351 - Updater called before beeing initialized
2025-04-20 00:15:43,042 [INFO] RulesReader:64 - Compatibility file has been processed (302 Rules)
2025-04-20 00:15:43,055 [INFO] RulesReader:64 - Compatibility file has been processed (302 Rules)
2025-04-20 00:15:43,064 [INFO] CADModel:165 - CPN selected for project level
2025-04-20 00:15:43,064 [INFO] CADModel:114 - Register for checkConnection events
2025-04-20 00:15:43,064 [FATAL] Updater:351 - Updater called before beeing initialized
2025-04-20 00:15:43,064 [ERROR] CADModel:125 - Updater not yet initialized, retry later 
2025-04-20 00:15:43,270 [FATAL] Updater:351 - Updater called before beeing initialized
2025-04-20 00:15:43,273 [INFO] CADModel:165 - CPN selected for project level
2025-04-20 00:15:43,273 [INFO] CADModel:114 - Register for checkConnection events
2025-04-20 00:15:43,273 [FATAL] Updater:351 - Updater called before beeing initialized
2025-04-20 00:15:43,273 [ERROR] CADModel:125 - Updater not yet initialized, retry later 
2025-04-20 00:15:43,278 [FATAL] Updater:351 - Updater called before beeing initialized
2025-04-20 00:15:43,371 [FATAL] Updater:351 - Updater called before beeing initialized
2025-04-20 00:15:43,375 [INFO] DbMcusAds:53 - JSON generation date=Thu Sep 30 16:55:09 AEST 2021 (1632984909247)
2025-04-20 00:15:43,376 [FATAL] Updater:351 - Updater called before beeing initialized
2025-04-20 00:15:43,441 [WARN] DetailPanel:346 - Failed to get advertising image, set to default
2025-04-20 00:15:43,815 [FATAL] Updater:351 - Updater called before beeing initialized
2025-04-20 00:15:43,817 [FATAL] Updater:351 - Updater called before beeing initialized
2025-04-20 00:15:43,817 [FATAL] Updater:351 - Updater called before beeing initialized
2025-04-20 00:15:43,818 [WARN] DetailPanel:346 - Failed to get advertising image, set to default
2025-04-20 00:15:43,819 [FATAL] Updater:351 - Updater called before beeing initialized
2025-04-20 00:15:43,859 [ERROR] Updater:1198 - MainUpdater not yet initialized. External WinMGr cannot be set.
2025-04-20 00:15:43,861 [INFO] Updater:1134 - Updater Version found : 6.14.1
2025-04-20 00:15:43,883 [INFO] ApplicationProperties:184 - Using Application install path: /Applications/STM32CubeIDE.app/Contents/Eclipse/plugins/com.st.stm32cube.common.mx_6.14.1.202504091515
2025-04-20 00:15:44,182 [INFO] MainUpdater:2872 - connection check result : 10
2025-04-20 00:15:44,183 [INFO] MainUpdater:3566 - Updater definition file requires update
2025-04-20 00:15:44,183 [INFO] MainUpdater:289 - Updater Check For Update Now.
2025-04-20 00:15:44,184 [INFO] MicroXplorer:498 - Change Database Version : DB.6.0.141
2025-04-20 00:15:44,190 [INFO] McuFinderGlobals:63 - Set McuFinder mode to 2 (CubeIDE integrated)
2025-04-20 00:15:44,190 [INFO] UserAuth:171 - activating auth plugin
2025-04-20 00:15:44,193 [INFO] UserAuth:484 - Internet connection configuration mode: 1
2025-04-20 00:15:44,211 [INFO] ServerAccessManage:473 - Download File updaters.zip
2025-04-20 00:15:44,217 [INFO] JxBrowserEngine:152 - Initiate JxBrowser Engine with user profile folder
2025-04-20 00:15:44,290 [INFO] FileExtend:242 - Unzip File : updaters.zip
2025-04-20 00:15:44,291 [INFO] FileExtend:257 - Standard Zip Deflate
2025-04-20 00:15:44,586 [INFO] ServerAccessManage:473 - Download File PacksControlFlags.xml
2025-04-20 00:15:44,651 [INFO] ServerAccessManage:473 - Download File cubemx.pidx
2025-04-20 00:15:44,778 [INFO] LoadServerUpdatesThread:375 - End of LoadServerUpdate Thread
2025-04-20 00:15:44,833 [WARN] CheckServerUpdateThread:151 - Open CheckUpdateFile Fail
2025-04-20 00:15:44,955 [INFO] CheckServerUpdateThread:120 - End of CheckServer Thread
2025-04-20 00:15:45,274 [WARN] PackLoader:240 - Cannot read IP mode file for STMicroelectronics.FP-SNS-MOTENVWB1.1.4.0
2025-04-20 00:15:45,283 [WARN] PackLoader:240 - Cannot read IP mode file for STMicroelectronics.X-CUBE-AI.10.0.0
2025-04-20 00:15:45,290 [WARN] PackLoader:240 - Cannot read IP mode file for STMicroelectronics.FP-SNS-SMARTAG2.1.2.0
2025-04-20 00:15:45,296 [WARN] PackLoader:240 - Cannot read IP mode file for STMicroelectronics.FP-SNS-MOTENV1.5.0.0
2025-04-20 00:15:45,303 [WARN] PackLoader:240 - Cannot read IP mode file for STMicroelectronics.FP-ATR-SIGFOX1.3.2.0
2025-04-20 00:15:45,313 [WARN] PackLoader:240 - Cannot read IP mode file for STMicroelectronics.FP-SNS-STBOX1.2.0.0
2025-04-20 00:15:45,319 [INFO] ThirdParty:978 - Integrity check success = true
2025-04-20 00:15:45,319 [INFO] IntegrityCheckThread:100 - exiting critical section [integrity check]
2025-04-20 00:15:45,319 [INFO] IntegrityCheckThread:103 - End integrity checks thread
2025-04-20 00:15:46,446 [INFO] WebApp:169 - Instantiating new browser for Auth
2025-04-20 00:15:47,723 [INFO] WebApp:463 - Apply proxy settings
2025-04-20 00:15:47,742 [INFO] WebApp:508 - Chromium authenticates against Manually configured proxy
2025-04-20 00:15:47,810 [INFO] WebApp:516 - Username used for proxy authentication: 
2025-04-20 00:15:47,853 [INFO] WebApp:894 - Register for checkConnection events
2025-04-20 00:15:47,859 [INFO] WebApp:463 - Apply proxy settings
2025-04-20 00:15:47,898 [INFO] WebApp:508 - Chromium authenticates against Manually configured proxy
2025-04-20 00:15:47,920 [INFO] WebApp:516 - Username used for proxy authentication: 
2025-04-20 00:15:48,240 [INFO] WebApp:225 - Starting web application
2025-04-20 00:15:48,245 [INFO] WebApp:593 - Web application path used /Applications/STM32CubeIDE.app/Contents/Eclipse/plugins/com.st.stm32cube.common.mx_6.14.1.202504091515/db/plugins/mcufinder/reactClient1/index.html
2025-04-20 00:15:48,885 [INFO] WebApp:191 - Connection restablished
2025-04-20 00:15:54,372 [ERROR] LogOutputStream:75 - [STDERR_REDIRECT] 
